ERROR - 2024-04-27 03:51:01 --> mysqli_sql_exception: Table 'users' already exists in C:\Users\cjkir\OneDrive\Desktop\Fan 2024\codeigniter4-framework-9b2cd73\system\Database\MySQLi\Connection.php:308
Stack trace:
#0 C:\Users\cjkir\OneDrive\Desktop\Fan 2024\codeigniter4-framework-9b2cd73\system\Database\MySQLi\Connection.php(308): mysqli->query('CREATE TABLE `u...', 0)
#1 C:\Users\cjkir\OneDrive\Desktop\Fan 2024\codeigniter4-framework-9b2cd73\system\Database\BaseConnection.php(722): CodeIgniter\Database\MySQLi\Connection->execute('CREATE TABLE `u...')
#2 C:\Users\cjkir\OneDrive\Desktop\Fan 2024\codeigniter4-framework-9b2cd73\system\Database\BaseConnection.php(636): CodeIgniter\Database\BaseConnection->simpleQuery('CREATE TABLE `u...')
#3 C:\Users\cjkir\OneDrive\Desktop\Fan 2024\codeigniter4-framework-9b2cd73\system\Database\Forge.php(570): CodeIgniter\Database\BaseConnection->query('CREATE TABLE `u...')
#4 C:\Users\cjkir\OneDrive\Desktop\Fan 2024\codeigniter4-framework-9b2cd73\app\Database\Migrations\2024-04-26-000119_CreateUsersTable.php(33): CodeIgniter\Database\Forge->createTable('users')
#5 C:\Users\cjkir\OneDrive\Desktop\Fan 2024\codeigniter4-framework-9b2cd73\system\Database\MigrationRunner.php(867): App\Database\Migrations\CreateUsersTable->up()
#6 C:\Users\cjkir\OneDrive\Desktop\Fan 2024\codeigniter4-framework-9b2cd73\system\Database\MigrationRunner.php(183): CodeIgniter\Database\MigrationRunner->migrate('up', Object(stdClass))
#7 C:\Users\cjkir\OneDrive\Desktop\Fan 2024\codeigniter4-framework-9b2cd73\system\Commands\Database\Migrate.php(85): CodeIgniter\Database\MigrationRunner->latest(NULL)
#8 C:\Users\cjkir\OneDrive\Desktop\Fan 2024\codeigniter4-framework-9b2cd73\system\CLI\Commands.php(70): CodeIgniter\Commands\Database\Migrate->run(Array)
#9 C:\Users\cjkir\OneDrive\Desktop\Fan 2024\codeigniter4-framework-9b2cd73\system\CLI\Console.php(48): CodeIgniter\CLI\Commands->run('migrate', Array)
#10 C:\Users\cjkir\OneDrive\Desktop\Fan 2024\codeigniter4-framework-9b2cd73\system\Boot.php(338): CodeIgniter\CLI\Console->run()
#11 C:\Users\cjkir\OneDrive\Desktop\Fan 2024\codeigniter4-framework-9b2cd73\system\Boot.php(104): CodeIgniter\Boot::runCommand(Object(CodeIgniter\CLI\Console))
#12 C:\Users\cjkir\OneDrive\Desktop\Fan 2024\codeigniter4-framework-9b2cd73\spark(84): CodeIgniter\Boot::bootSpark(Object(Config\Paths))
#13 {main}
INFO - 2024-04-27 04:04:48 --> Session: Class initialized using 'CodeIgniter\Session\Handlers\FileHandler' driver.
CRITICAL - 2024-04-27 04:04:51 --> ErrorException: Undefined variable $menuModel
[Method: POST, Route: register]
in APPPATH\Controllers\UserController.php on line 15.
 1 APPPATH\Controllers\UserController.php(15): CodeIgniter\Debug\Exceptions->errorHandler(2, 'Undefined variable $menuModel', 'C:\\Users\\cjkir\\OneDrive\\Desktop\\Fan 2024\\codeigniter4-framework-9b2cd73\\app\\Controllers\\UserController.php', 15)
 2 SYSTEMPATH\CodeIgniter.php(933): App\Controllers\UserController->register()
 3 SYSTEMPATH\CodeIgniter.php(509): CodeIgniter\CodeIgniter->runController(Object(App\Controllers\UserController))
 4 SYSTEMPATH\CodeIgniter.php(355): CodeIgniter\CodeIgniter->handleRequest(null, Object(Config\Cache), false)
 5 SYSTEMPATH\Boot.php(312): CodeIgniter\CodeIgniter->run()
 6 SYSTEMPATH\Boot.php(67): CodeIgniter\Boot::runCodeIgniter(Object(CodeIgniter\CodeIgniter))
 7 FCPATH\index.php(56): CodeIgniter\Boot::bootWeb(Object(Config\Paths))
 8 SYSTEMPATH\Commands\Server\rewrite.php(49): require_once('C:\\Users\\cjkir\\OneDrive\\Desktop\\Fan 2024\\codeigniter4-framework-9b2cd73\\public\\index.php')
INFO - 2024-04-27 04:05:50 --> Session: Class initialized using 'CodeIgniter\Session\Handlers\FileHandler' driver.
CRITICAL - 2024-04-27 04:05:53 --> Error: Class "App\Controllers\Menu" not found
[Method: POST, Route: register]
in APPPATH\Controllers\UserController.php on line 10.
 1 SYSTEMPATH\CodeIgniter.php(933): App\Controllers\UserController->register()
 2 SYSTEMPATH\CodeIgniter.php(509): CodeIgniter\CodeIgniter->runController(Object(App\Controllers\UserController))
 3 SYSTEMPATH\CodeIgniter.php(355): CodeIgniter\CodeIgniter->handleRequest(null, Object(Config\Cache), false)
 4 SYSTEMPATH\Boot.php(312): CodeIgniter\CodeIgniter->run()
 5 SYSTEMPATH\Boot.php(67): CodeIgniter\Boot::runCodeIgniter(Object(CodeIgniter\CodeIgniter))
 6 FCPATH\index.php(56): CodeIgniter\Boot::bootWeb(Object(Config\Paths))
 7 SYSTEMPATH\Commands\Server\rewrite.php(49): require_once('C:\\Users\\cjkir\\OneDrive\\Desktop\\Fan 2024\\codeigniter4-framework-9b2cd73\\public\\index.php')
INFO - 2024-04-27 04:07:03 --> Session: Class initialized using 'CodeIgniter\Session\Handlers\FileHandler' driver.
INFO - 2024-04-27 04:07:09 --> Session: Class initialized using 'CodeIgniter\Session\Handlers\FileHandler' driver.
CRITICAL - 2024-04-27 04:07:41 --> Error: Class "App\Controllers\Menu" not found
[Method: POST, Route: register]
in APPPATH\Controllers\UserController.php on line 10.
 1 SYSTEMPATH\CodeIgniter.php(933): App\Controllers\UserController->register()
 2 SYSTEMPATH\CodeIgniter.php(509): CodeIgniter\CodeIgniter->runController(Object(App\Controllers\UserController))
 3 SYSTEMPATH\CodeIgniter.php(355): CodeIgniter\CodeIgniter->handleRequest(null, Object(Config\Cache), false)
 4 SYSTEMPATH\Boot.php(312): CodeIgniter\CodeIgniter->run()
 5 SYSTEMPATH\Boot.php(67): CodeIgniter\Boot::runCodeIgniter(Object(CodeIgniter\CodeIgniter))
 6 FCPATH\index.php(56): CodeIgniter\Boot::bootWeb(Object(Config\Paths))
 7 SYSTEMPATH\Commands\Server\rewrite.php(49): require_once('C:\\Users\\cjkir\\OneDrive\\Desktop\\Fan 2024\\codeigniter4-framework-9b2cd73\\public\\index.php')
INFO - 2024-04-27 04:09:36 --> Session: Class initialized using 'CodeIgniter\Session\Handlers\FileHandler' driver.
ERROR - 2024-04-27 04:09:40 --> mysqli_sql_exception: Table 'database.menus' doesn't exist in C:\Users\cjkir\OneDrive\Desktop\Fan 2024\codeigniter4-framework-9b2cd73\system\Database\MySQLi\Connection.php:308
Stack trace:
#0 C:\Users\cjkir\OneDrive\Desktop\Fan 2024\codeigniter4-framework-9b2cd73\system\Database\MySQLi\Connection.php(308): mysqli->query('INSERT INTO `me...', 0)
#1 C:\Users\cjkir\OneDrive\Desktop\Fan 2024\codeigniter4-framework-9b2cd73\system\Database\BaseConnection.php(722): CodeIgniter\Database\MySQLi\Connection->execute('INSERT INTO `me...')
#2 C:\Users\cjkir\OneDrive\Desktop\Fan 2024\codeigniter4-framework-9b2cd73\system\Database\BaseConnection.php(636): CodeIgniter\Database\BaseConnection->simpleQuery('INSERT INTO `me...')
#3 C:\Users\cjkir\OneDrive\Desktop\Fan 2024\codeigniter4-framework-9b2cd73\system\Database\BaseBuilder.php(2325): CodeIgniter\Database\BaseConnection->query('INSERT INTO `me...', Array, false)
#4 C:\Users\cjkir\OneDrive\Desktop\Fan 2024\codeigniter4-framework-9b2cd73\system\Model.php(383): CodeIgniter\Database\BaseBuilder->insert()
#5 C:\Users\cjkir\OneDrive\Desktop\Fan 2024\codeigniter4-framework-9b2cd73\system\BaseModel.php(840): CodeIgniter\Model->doInsert(Array)
#6 C:\Users\cjkir\OneDrive\Desktop\Fan 2024\codeigniter4-framework-9b2cd73\system\Model.php(791): CodeIgniter\BaseModel->insert(Array, true)
#7 C:\Users\cjkir\OneDrive\Desktop\Fan 2024\codeigniter4-framework-9b2cd73\app\Controllers\UserController.php(17): CodeIgniter\Model->insert(Array)
#8 C:\Users\cjkir\OneDrive\Desktop\Fan 2024\codeigniter4-framework-9b2cd73\system\CodeIgniter.php(933): App\Controllers\UserController->register()
#9 C:\Users\cjkir\OneDrive\Desktop\Fan 2024\codeigniter4-framework-9b2cd73\system\CodeIgniter.php(509): CodeIgniter\CodeIgniter->runController(Object(App\Controllers\UserController))
#10 C:\Users\cjkir\OneDrive\Desktop\Fan 2024\codeigniter4-framework-9b2cd73\system\CodeIgniter.php(355): CodeIgniter\CodeIgniter->handleRequest(NULL, Object(Config\Cache), false)
#11 C:\Users\cjkir\OneDrive\Desktop\Fan 2024\codeigniter4-framework-9b2cd73\system\Boot.php(312): CodeIgniter\CodeIgniter->run()
#12 C:\Users\cjkir\OneDrive\Desktop\Fan 2024\codeigniter4-framework-9b2cd73\system\Boot.php(67): CodeIgniter\Boot::runCodeIgniter(Object(CodeIgniter\CodeIgniter))
#13 C:\Users\cjkir\OneDrive\Desktop\Fan 2024\codeigniter4-framework-9b2cd73\public\index.php(56): CodeIgniter\Boot::bootWeb(Object(Config\Paths))
#14 C:\Users\cjkir\OneDrive\Desktop\Fan 2024\codeigniter4-framework-9b2cd73\system\Commands\Server\rewrite.php(49): require_once('C:\\Users\\cjkir\\...')
#15 {main}
CRITICAL - 2024-04-27 04:09:40 --> CodeIgniter\Database\Exceptions\DatabaseException: Table 'database.menus' doesn't exist
[Method: POST, Route: register]
in SYSTEMPATH\Database\BaseConnection.php on line 676.
 1 SYSTEMPATH\Database\BaseBuilder.php(2325): CodeIgniter\Database\BaseConnection->query('INSERT INTO `menus` (`item_name`, `item_category`, `item_price`) VALUES (:item_name:, :item_category:, :item_price:)', [...], false)
 2 SYSTEMPATH\Model.php(383): CodeIgniter\Database\BaseBuilder->insert()
 3 SYSTEMPATH\BaseModel.php(840): CodeIgniter\Model->doInsert([...])
 4 SYSTEMPATH\Model.php(791): CodeIgniter\BaseModel->insert([...], true)
 5 APPPATH\Controllers\UserController.php(17): CodeIgniter\Model->insert([...])
 6 SYSTEMPATH\CodeIgniter.php(933): App\Controllers\UserController->register()
 7 SYSTEMPATH\CodeIgniter.php(509): CodeIgniter\CodeIgniter->runController(Object(App\Controllers\UserController))
 8 SYSTEMPATH\CodeIgniter.php(355): CodeIgniter\CodeIgniter->handleRequest(null, Object(Config\Cache), false)
 9 SYSTEMPATH\Boot.php(312): CodeIgniter\CodeIgniter->run()
10 SYSTEMPATH\Boot.php(67): CodeIgniter\Boot::runCodeIgniter(Object(CodeIgniter\CodeIgniter))
11 FCPATH\index.php(56): CodeIgniter\Boot::bootWeb(Object(Config\Paths))
12 SYSTEMPATH\Commands\Server\rewrite.php(49): require_once('C:\\Users\\cjkir\\OneDrive\\Desktop\\Fan 2024\\codeigniter4-framework-9b2cd73\\public\\index.php')
CRITICAL - 2024-04-27 04:09:40 --> [Caused by] CodeIgniter\Database\Exceptions\DatabaseException: Table 'database.menus' doesn't exist
in SYSTEMPATH\Database\MySQLi\Connection.php on line 313.
 1 SYSTEMPATH\Database\BaseConnection.php(722): CodeIgniter\Database\MySQLi\Connection->execute('INSERT INTO `menus` (`item_name`, `item_category`, `item_price`) VALUES (\'test\', \'food\', 20.25)')
 2 SYSTEMPATH\Database\BaseConnection.php(636): CodeIgniter\Database\BaseConnection->simpleQuery('INSERT INTO `menus` (`item_name`, `item_category`, `item_price`) VALUES (\'test\', \'food\', 20.25)')
 3 SYSTEMPATH\Database\BaseBuilder.php(2325): CodeIgniter\Database\BaseConnection->query('INSERT INTO `menus` (`item_name`, `item_category`, `item_price`) VALUES (:item_name:, :item_category:, :item_price:)', [...], false)
 4 SYSTEMPATH\Model.php(383): CodeIgniter\Database\BaseBuilder->insert()
 5 SYSTEMPATH\BaseModel.php(840): CodeIgniter\Model->doInsert([...])
 6 SYSTEMPATH\Model.php(791): CodeIgniter\BaseModel->insert([...], true)
 7 APPPATH\Controllers\UserController.php(17): CodeIgniter\Model->insert([...])
 8 SYSTEMPATH\CodeIgniter.php(933): App\Controllers\UserController->register()
 9 SYSTEMPATH\CodeIgniter.php(509): CodeIgniter\CodeIgniter->runController(Object(App\Controllers\UserController))
10 SYSTEMPATH\CodeIgniter.php(355): CodeIgniter\CodeIgniter->handleRequest(null, Object(Config\Cache), false)
11 SYSTEMPATH\Boot.php(312): CodeIgniter\CodeIgniter->run()
12 SYSTEMPATH\Boot.php(67): CodeIgniter\Boot::runCodeIgniter(Object(CodeIgniter\CodeIgniter))
13 FCPATH\index.php(56): CodeIgniter\Boot::bootWeb(Object(Config\Paths))
14 SYSTEMPATH\Commands\Server\rewrite.php(49): require_once('C:\\Users\\cjkir\\OneDrive\\Desktop\\Fan 2024\\codeigniter4-framework-9b2cd73\\public\\index.php')
CRITICAL - 2024-04-27 04:09:40 --> [Caused by] mysqli_sql_exception: Table 'database.menus' doesn't exist
in SYSTEMPATH\Database\MySQLi\Connection.php on line 308.
 1 SYSTEMPATH\Database\MySQLi\Connection.php(308): mysqli->query('INSERT INTO `menus` (`item_name`, `item_category`, `item_price`) VALUES (\'test\', \'food\', 20.25)', 0)
 2 SYSTEMPATH\Database\BaseConnection.php(722): CodeIgniter\Database\MySQLi\Connection->execute('INSERT INTO `menus` (`item_name`, `item_category`, `item_price`) VALUES (\'test\', \'food\', 20.25)')
 3 SYSTEMPATH\Database\BaseConnection.php(636): CodeIgniter\Database\BaseConnection->simpleQuery('INSERT INTO `menus` (`item_name`, `item_category`, `item_price`) VALUES (\'test\', \'food\', 20.25)')
 4 SYSTEMPATH\Database\BaseBuilder.php(2325): CodeIgniter\Database\BaseConnection->query('INSERT INTO `menus` (`item_name`, `item_category`, `item_price`) VALUES (:item_name:, :item_category:, :item_price:)', [...], false)
 5 SYSTEMPATH\Model.php(383): CodeIgniter\Database\BaseBuilder->insert()
 6 SYSTEMPATH\BaseModel.php(840): CodeIgniter\Model->doInsert([...])
 7 SYSTEMPATH\Model.php(791): CodeIgniter\BaseModel->insert([...], true)
 8 APPPATH\Controllers\UserController.php(17): CodeIgniter\Model->insert([...])
 9 SYSTEMPATH\CodeIgniter.php(933): App\Controllers\UserController->register()
10 SYSTEMPATH\CodeIgniter.php(509): CodeIgniter\CodeIgniter->runController(Object(App\Controllers\UserController))
11 SYSTEMPATH\CodeIgniter.php(355): CodeIgniter\CodeIgniter->handleRequest(null, Object(Config\Cache), false)
12 SYSTEMPATH\Boot.php(312): CodeIgniter\CodeIgniter->run()
13 SYSTEMPATH\Boot.php(67): CodeIgniter\Boot::runCodeIgniter(Object(CodeIgniter\CodeIgniter))
14 FCPATH\index.php(56): CodeIgniter\Boot::bootWeb(Object(Config\Paths))
15 SYSTEMPATH\Commands\Server\rewrite.php(49): require_once('C:\\Users\\cjkir\\OneDrive\\Desktop\\Fan 2024\\codeigniter4-framework-9b2cd73\\public\\index.php')
INFO - 2024-04-27 04:11:01 --> Session: Class initialized using 'CodeIgniter\Session\Handlers\FileHandler' driver.
INFO - 2024-04-27 04:16:05 --> Session: Class initialized using 'CodeIgniter\Session\Handlers\FileHandler' driver.
INFO - 2024-04-27 04:17:19 --> Session: Class initialized using 'CodeIgniter\Session\Handlers\FileHandler' driver.
INFO - 2024-04-27 04:17:30 --> Session: Class initialized using 'CodeIgniter\Session\Handlers\FileHandler' driver.
INFO - 2024-04-27 04:18:17 --> Session: Class initialized using 'CodeIgniter\Session\Handlers\FileHandler' driver.
INFO - 2024-04-27 04:20:04 --> Session: Class initialized using 'CodeIgniter\Session\Handlers\FileHandler' driver.
INFO - 2024-04-27 04:20:18 --> Session: Class initialized using 'CodeIgniter\Session\Handlers\FileHandler' driver.
ERROR - 2024-04-27 04:20:54 --> mysqli_sql_exception: Table 'database.menus' doesn't exist in C:\Users\cjkir\OneDrive\Desktop\Fan 2024\codeigniter4-framework-9b2cd73\system\Database\MySQLi\Connection.php:308
Stack trace:
#0 C:\Users\cjkir\OneDrive\Desktop\Fan 2024\codeigniter4-framework-9b2cd73\system\Database\MySQLi\Connection.php(308): mysqli->query('INSERT INTO `me...', 0)
#1 C:\Users\cjkir\OneDrive\Desktop\Fan 2024\codeigniter4-framework-9b2cd73\system\Database\BaseConnection.php(722): CodeIgniter\Database\MySQLi\Connection->execute('INSERT INTO `me...')
#2 C:\Users\cjkir\OneDrive\Desktop\Fan 2024\codeigniter4-framework-9b2cd73\system\Database\BaseConnection.php(636): CodeIgniter\Database\BaseConnection->simpleQuery('INSERT INTO `me...')
#3 C:\Users\cjkir\OneDrive\Desktop\Fan 2024\codeigniter4-framework-9b2cd73\system\Database\BaseBuilder.php(2325): CodeIgniter\Database\BaseConnection->query('INSERT INTO `me...', Array, false)
#4 C:\Users\cjkir\OneDrive\Desktop\Fan 2024\codeigniter4-framework-9b2cd73\system\Model.php(383): CodeIgniter\Database\BaseBuilder->insert()
#5 C:\Users\cjkir\OneDrive\Desktop\Fan 2024\codeigniter4-framework-9b2cd73\system\BaseModel.php(840): CodeIgniter\Model->doInsert(Array)
#6 C:\Users\cjkir\OneDrive\Desktop\Fan 2024\codeigniter4-framework-9b2cd73\system\Model.php(791): CodeIgniter\BaseModel->insert(Array, true)
#7 C:\Users\cjkir\OneDrive\Desktop\Fan 2024\codeigniter4-framework-9b2cd73\app\Controllers\MenuController.php(18): CodeIgniter\Model->insert(Array)
#8 C:\Users\cjkir\OneDrive\Desktop\Fan 2024\codeigniter4-framework-9b2cd73\system\CodeIgniter.php(933): App\Controllers\MenuController->make_item()
#9 C:\Users\cjkir\OneDrive\Desktop\Fan 2024\codeigniter4-framework-9b2cd73\system\CodeIgniter.php(509): CodeIgniter\CodeIgniter->runController(Object(App\Controllers\MenuController))
#10 C:\Users\cjkir\OneDrive\Desktop\Fan 2024\codeigniter4-framework-9b2cd73\system\CodeIgniter.php(355): CodeIgniter\CodeIgniter->handleRequest(NULL, Object(Config\Cache), false)
#11 C:\Users\cjkir\OneDrive\Desktop\Fan 2024\codeigniter4-framework-9b2cd73\system\Boot.php(312): CodeIgniter\CodeIgniter->run()
#12 C:\Users\cjkir\OneDrive\Desktop\Fan 2024\codeigniter4-framework-9b2cd73\system\Boot.php(67): CodeIgniter\Boot::runCodeIgniter(Object(CodeIgniter\CodeIgniter))
#13 C:\Users\cjkir\OneDrive\Desktop\Fan 2024\codeigniter4-framework-9b2cd73\public\index.php(56): CodeIgniter\Boot::bootWeb(Object(Config\Paths))
#14 C:\Users\cjkir\OneDrive\Desktop\Fan 2024\codeigniter4-framework-9b2cd73\system\Commands\Server\rewrite.php(49): require_once('C:\\Users\\cjkir\\...')
#15 {main}
CRITICAL - 2024-04-27 04:20:54 --> CodeIgniter\Database\Exceptions\DatabaseException: Table 'database.menus' doesn't exist
[Method: POST, Route: make_item]
in SYSTEMPATH\Database\BaseConnection.php on line 676.
 1 SYSTEMPATH\Database\BaseBuilder.php(2325): CodeIgniter\Database\BaseConnection->query('INSERT INTO `menus` (`item_name`, `item_category`, `item_price`) VALUES (:item_name:, :item_category:, :item_price:)', [...], false)
 2 SYSTEMPATH\Model.php(383): CodeIgniter\Database\BaseBuilder->insert()
 3 SYSTEMPATH\BaseModel.php(840): CodeIgniter\Model->doInsert([...])
 4 SYSTEMPATH\Model.php(791): CodeIgniter\BaseModel->insert([...], true)
 5 APPPATH\Controllers\MenuController.php(18): CodeIgniter\Model->insert([...])
 6 SYSTEMPATH\CodeIgniter.php(933): App\Controllers\MenuController->make_item()
 7 SYSTEMPATH\CodeIgniter.php(509): CodeIgniter\CodeIgniter->runController(Object(App\Controllers\MenuController))
 8 SYSTEMPATH\CodeIgniter.php(355): CodeIgniter\CodeIgniter->handleRequest(null, Object(Config\Cache), false)
 9 SYSTEMPATH\Boot.php(312): CodeIgniter\CodeIgniter->run()
10 SYSTEMPATH\Boot.php(67): CodeIgniter\Boot::runCodeIgniter(Object(CodeIgniter\CodeIgniter))
11 FCPATH\index.php(56): CodeIgniter\Boot::bootWeb(Object(Config\Paths))
12 SYSTEMPATH\Commands\Server\rewrite.php(49): require_once('C:\\Users\\cjkir\\OneDrive\\Desktop\\Fan 2024\\codeigniter4-framework-9b2cd73\\public\\index.php')
CRITICAL - 2024-04-27 04:20:54 --> [Caused by] CodeIgniter\Database\Exceptions\DatabaseException: Table 'database.menus' doesn't exist
in SYSTEMPATH\Database\MySQLi\Connection.php on line 313.
 1 SYSTEMPATH\Database\BaseConnection.php(722): CodeIgniter\Database\MySQLi\Connection->execute('INSERT INTO `menus` (`item_name`, `item_category`, `item_price`) VALUES (\'test\', \'food\', 20.25)')
 2 SYSTEMPATH\Database\BaseConnection.php(636): CodeIgniter\Database\BaseConnection->simpleQuery('INSERT INTO `menus` (`item_name`, `item_category`, `item_price`) VALUES (\'test\', \'food\', 20.25)')
 3 SYSTEMPATH\Database\BaseBuilder.php(2325): CodeIgniter\Database\BaseConnection->query('INSERT INTO `menus` (`item_name`, `item_category`, `item_price`) VALUES (:item_name:, :item_category:, :item_price:)', [...], false)
 4 SYSTEMPATH\Model.php(383): CodeIgniter\Database\BaseBuilder->insert()
 5 SYSTEMPATH\BaseModel.php(840): CodeIgniter\Model->doInsert([...])
 6 SYSTEMPATH\Model.php(791): CodeIgniter\BaseModel->insert([...], true)
 7 APPPATH\Controllers\MenuController.php(18): CodeIgniter\Model->insert([...])
 8 SYSTEMPATH\CodeIgniter.php(933): App\Controllers\MenuController->make_item()
 9 SYSTEMPATH\CodeIgniter.php(509): CodeIgniter\CodeIgniter->runController(Object(App\Controllers\MenuController))
10 SYSTEMPATH\CodeIgniter.php(355): CodeIgniter\CodeIgniter->handleRequest(null, Object(Config\Cache), false)
11 SYSTEMPATH\Boot.php(312): CodeIgniter\CodeIgniter->run()
12 SYSTEMPATH\Boot.php(67): CodeIgniter\Boot::runCodeIgniter(Object(CodeIgniter\CodeIgniter))
13 FCPATH\index.php(56): CodeIgniter\Boot::bootWeb(Object(Config\Paths))
14 SYSTEMPATH\Commands\Server\rewrite.php(49): require_once('C:\\Users\\cjkir\\OneDrive\\Desktop\\Fan 2024\\codeigniter4-framework-9b2cd73\\public\\index.php')
CRITICAL - 2024-04-27 04:20:54 --> [Caused by] mysqli_sql_exception: Table 'database.menus' doesn't exist
in SYSTEMPATH\Database\MySQLi\Connection.php on line 308.
 1 SYSTEMPATH\Database\MySQLi\Connection.php(308): mysqli->query('INSERT INTO `menus` (`item_name`, `item_category`, `item_price`) VALUES (\'test\', \'food\', 20.25)', 0)
 2 SYSTEMPATH\Database\BaseConnection.php(722): CodeIgniter\Database\MySQLi\Connection->execute('INSERT INTO `menus` (`item_name`, `item_category`, `item_price`) VALUES (\'test\', \'food\', 20.25)')
 3 SYSTEMPATH\Database\BaseConnection.php(636): CodeIgniter\Database\BaseConnection->simpleQuery('INSERT INTO `menus` (`item_name`, `item_category`, `item_price`) VALUES (\'test\', \'food\', 20.25)')
 4 SYSTEMPATH\Database\BaseBuilder.php(2325): CodeIgniter\Database\BaseConnection->query('INSERT INTO `menus` (`item_name`, `item_category`, `item_price`) VALUES (:item_name:, :item_category:, :item_price:)', [...], false)
 5 SYSTEMPATH\Model.php(383): CodeIgniter\Database\BaseBuilder->insert()
 6 SYSTEMPATH\BaseModel.php(840): CodeIgniter\Model->doInsert([...])
 7 SYSTEMPATH\Model.php(791): CodeIgniter\BaseModel->insert([...], true)
 8 APPPATH\Controllers\MenuController.php(18): CodeIgniter\Model->insert([...])
 9 SYSTEMPATH\CodeIgniter.php(933): App\Controllers\MenuController->make_item()
10 SYSTEMPATH\CodeIgniter.php(509): CodeIgniter\CodeIgniter->runController(Object(App\Controllers\MenuController))
11 SYSTEMPATH\CodeIgniter.php(355): CodeIgniter\CodeIgniter->handleRequest(null, Object(Config\Cache), false)
12 SYSTEMPATH\Boot.php(312): CodeIgniter\CodeIgniter->run()
13 SYSTEMPATH\Boot.php(67): CodeIgniter\Boot::runCodeIgniter(Object(CodeIgniter\CodeIgniter))
14 FCPATH\index.php(56): CodeIgniter\Boot::bootWeb(Object(Config\Paths))
15 SYSTEMPATH\Commands\Server\rewrite.php(49): require_once('C:\\Users\\cjkir\\OneDrive\\Desktop\\Fan 2024\\codeigniter4-framework-9b2cd73\\public\\index.php')
INFO - 2024-04-27 04:22:22 --> Session: Class initialized using 'CodeIgniter\Session\Handlers\FileHandler' driver.
INFO - 2024-04-27 04:39:32 --> Session: Class initialized using 'CodeIgniter\Session\Handlers\FileHandler' driver.
INFO - 2024-04-27 04:39:45 --> Session: Class initialized using 'CodeIgniter\Session\Handlers\FileHandler' driver.
INFO - 2024-04-27 04:39:47 --> Session: Class initialized using 'CodeIgniter\Session\Handlers\FileHandler' driver.
INFO - 2024-04-27 04:39:51 --> Session: Class initialized using 'CodeIgniter\Session\Handlers\FileHandler' driver.
INFO - 2024-04-27 04:39:53 --> Session: Class initialized using 'CodeIgniter\Session\Handlers\FileHandler' driver.
INFO - 2024-04-27 04:47:47 --> Session: Class initialized using 'CodeIgniter\Session\Handlers\FileHandler' driver.
ERROR - 2024-04-27 04:51:03 --> mysqli_sql_exception: You have an error in your SQL syntax; check the manual that corresponds to your MariaDB server version for the right syntax to use near '(20) NOT NULL,
	CONSTRAINT `pk_menu` PRIMARY KEY(`item_id`)
) DEFAULT CHARACT...' at line 5 in C:\Users\cjkir\OneDrive\Desktop\Fan 2024\codeigniter4-framework-9b2cd73\system\Database\MySQLi\Connection.php:308
Stack trace:
#0 C:\Users\cjkir\OneDrive\Desktop\Fan 2024\codeigniter4-framework-9b2cd73\system\Database\MySQLi\Connection.php(308): mysqli->query('CREATE TABLE `m...', 0)
#1 C:\Users\cjkir\OneDrive\Desktop\Fan 2024\codeigniter4-framework-9b2cd73\system\Database\BaseConnection.php(722): CodeIgniter\Database\MySQLi\Connection->execute('CREATE TABLE `m...')
#2 C:\Users\cjkir\OneDrive\Desktop\Fan 2024\codeigniter4-framework-9b2cd73\system\Database\BaseConnection.php(636): CodeIgniter\Database\BaseConnection->simpleQuery('CREATE TABLE `m...')
#3 C:\Users\cjkir\OneDrive\Desktop\Fan 2024\codeigniter4-framework-9b2cd73\system\Database\Forge.php(570): CodeIgniter\Database\BaseConnection->query('CREATE TABLE `m...')
#4 C:\Users\cjkir\OneDrive\Desktop\Fan 2024\codeigniter4-framework-9b2cd73\app\Database\Migrations\2024-04-27-033712_CreateMenuTable.php(45): CodeIgniter\Database\Forge->createTable('menu')
#5 C:\Users\cjkir\OneDrive\Desktop\Fan 2024\codeigniter4-framework-9b2cd73\system\Database\MigrationRunner.php(867): App\Database\Migrations\CreateMenuTable->up()
#6 C:\Users\cjkir\OneDrive\Desktop\Fan 2024\codeigniter4-framework-9b2cd73\system\Database\MigrationRunner.php(183): CodeIgniter\Database\MigrationRunner->migrate('up', Object(stdClass))
#7 C:\Users\cjkir\OneDrive\Desktop\Fan 2024\codeigniter4-framework-9b2cd73\system\Commands\Database\Migrate.php(85): CodeIgniter\Database\MigrationRunner->latest(NULL)
#8 C:\Users\cjkir\OneDrive\Desktop\Fan 2024\codeigniter4-framework-9b2cd73\system\CLI\Commands.php(70): CodeIgniter\Commands\Database\Migrate->run(Array)
#9 C:\Users\cjkir\OneDrive\Desktop\Fan 2024\codeigniter4-framework-9b2cd73\system\CLI\Console.php(48): CodeIgniter\CLI\Commands->run('migrate', Array)
#10 C:\Users\cjkir\OneDrive\Desktop\Fan 2024\codeigniter4-framework-9b2cd73\system\Boot.php(338): CodeIgniter\CLI\Console->run()
#11 C:\Users\cjkir\OneDrive\Desktop\Fan 2024\codeigniter4-framework-9b2cd73\system\Boot.php(104): CodeIgniter\Boot::runCommand(Object(CodeIgniter\CLI\Console))
#12 C:\Users\cjkir\OneDrive\Desktop\Fan 2024\codeigniter4-framework-9b2cd73\spark(84): CodeIgniter\Boot::bootSpark(Object(Config\Paths))
#13 {main}
ERROR - 2024-04-27 04:55:41 --> mysqli_sql_exception: You have an error in your SQL syntax; check the manual that corresponds to your MariaDB server version for the right syntax to use near '2) NOT NULL,
	`item_price` DECIMAL(20) NOT NULL,
	CONSTRAINT `pk_menu` PRIMAR...' at line 4 in C:\Users\cjkir\OneDrive\Desktop\Fan 2024\codeigniter4-framework-9b2cd73\system\Database\MySQLi\Connection.php:308
Stack trace:
#0 C:\Users\cjkir\OneDrive\Desktop\Fan 2024\codeigniter4-framework-9b2cd73\system\Database\MySQLi\Connection.php(308): mysqli->query('CREATE TABLE `m...', 0)
#1 C:\Users\cjkir\OneDrive\Desktop\Fan 2024\codeigniter4-framework-9b2cd73\system\Database\BaseConnection.php(722): CodeIgniter\Database\MySQLi\Connection->execute('CREATE TABLE `m...')
#2 C:\Users\cjkir\OneDrive\Desktop\Fan 2024\codeigniter4-framework-9b2cd73\system\Database\BaseConnection.php(636): CodeIgniter\Database\BaseConnection->simpleQuery('CREATE TABLE `m...')
#3 C:\Users\cjkir\OneDrive\Desktop\Fan 2024\codeigniter4-framework-9b2cd73\system\Database\Forge.php(570): CodeIgniter\Database\BaseConnection->query('CREATE TABLE `m...')
#4 C:\Users\cjkir\OneDrive\Desktop\Fan 2024\codeigniter4-framework-9b2cd73\app\Database\Migrations\2024-04-27-033712_CreateMenuTable.php(45): CodeIgniter\Database\Forge->createTable('menu')
#5 C:\Users\cjkir\OneDrive\Desktop\Fan 2024\codeigniter4-framework-9b2cd73\system\Database\MigrationRunner.php(867): App\Database\Migrations\CreateMenuTable->up()
#6 C:\Users\cjkir\OneDrive\Desktop\Fan 2024\codeigniter4-framework-9b2cd73\system\Database\MigrationRunner.php(183): CodeIgniter\Database\MigrationRunner->migrate('up', Object(stdClass))
#7 C:\Users\cjkir\OneDrive\Desktop\Fan 2024\codeigniter4-framework-9b2cd73\system\Commands\Database\Migrate.php(85): CodeIgniter\Database\MigrationRunner->latest(NULL)
#8 C:\Users\cjkir\OneDrive\Desktop\Fan 2024\codeigniter4-framework-9b2cd73\system\CLI\Commands.php(70): CodeIgniter\Commands\Database\Migrate->run(Array)
#9 C:\Users\cjkir\OneDrive\Desktop\Fan 2024\codeigniter4-framework-9b2cd73\system\CLI\Console.php(48): CodeIgniter\CLI\Commands->run('migrate', Array)
#10 C:\Users\cjkir\OneDrive\Desktop\Fan 2024\codeigniter4-framework-9b2cd73\system\Boot.php(338): CodeIgniter\CLI\Console->run()
#11 C:\Users\cjkir\OneDrive\Desktop\Fan 2024\codeigniter4-framework-9b2cd73\system\Boot.php(104): CodeIgniter\Boot::runCommand(Object(CodeIgniter\CLI\Console))
#12 C:\Users\cjkir\OneDrive\Desktop\Fan 2024\codeigniter4-framework-9b2cd73\spark(84): CodeIgniter\Boot::bootSpark(Object(Config\Paths))
#13 {main}
ERROR - 2024-04-27 04:59:23 --> mysqli_sql_exception: You have an error in your SQL syntax; check the manual that corresponds to your MariaDB server version for the right syntax to use near '2) NOT NULL,
	`item_price` DECIMAL(5,2)(20) NOT NULL,
	CONSTRAINT `pk_menu` P...' at line 4 in C:\Users\cjkir\OneDrive\Desktop\Fan 2024\codeigniter4-framework-9b2cd73\system\Database\MySQLi\Connection.php:308
Stack trace:
#0 C:\Users\cjkir\OneDrive\Desktop\Fan 2024\codeigniter4-framework-9b2cd73\system\Database\MySQLi\Connection.php(308): mysqli->query('CREATE TABLE `m...', 0)
#1 C:\Users\cjkir\OneDrive\Desktop\Fan 2024\codeigniter4-framework-9b2cd73\system\Database\BaseConnection.php(722): CodeIgniter\Database\MySQLi\Connection->execute('CREATE TABLE `m...')
#2 C:\Users\cjkir\OneDrive\Desktop\Fan 2024\codeigniter4-framework-9b2cd73\system\Database\BaseConnection.php(636): CodeIgniter\Database\BaseConnection->simpleQuery('CREATE TABLE `m...')
#3 C:\Users\cjkir\OneDrive\Desktop\Fan 2024\codeigniter4-framework-9b2cd73\system\Database\Forge.php(570): CodeIgniter\Database\BaseConnection->query('CREATE TABLE `m...')
#4 C:\Users\cjkir\OneDrive\Desktop\Fan 2024\codeigniter4-framework-9b2cd73\app\Database\Migrations\2024-04-27-033712_CreateMenuTable.php(45): CodeIgniter\Database\Forge->createTable('menu')
#5 C:\Users\cjkir\OneDrive\Desktop\Fan 2024\codeigniter4-framework-9b2cd73\system\Database\MigrationRunner.php(867): App\Database\Migrations\CreateMenuTable->up()
#6 C:\Users\cjkir\OneDrive\Desktop\Fan 2024\codeigniter4-framework-9b2cd73\system\Database\MigrationRunner.php(183): CodeIgniter\Database\MigrationRunner->migrate('up', Object(stdClass))
#7 C:\Users\cjkir\OneDrive\Desktop\Fan 2024\codeigniter4-framework-9b2cd73\system\Commands\Database\Migrate.php(85): CodeIgniter\Database\MigrationRunner->latest(NULL)
#8 C:\Users\cjkir\OneDrive\Desktop\Fan 2024\codeigniter4-framework-9b2cd73\system\CLI\Commands.php(70): CodeIgniter\Commands\Database\Migrate->run(Array)
#9 C:\Users\cjkir\OneDrive\Desktop\Fan 2024\codeigniter4-framework-9b2cd73\system\CLI\Console.php(48): CodeIgniter\CLI\Commands->run('migrate', Array)
#10 C:\Users\cjkir\OneDrive\Desktop\Fan 2024\codeigniter4-framework-9b2cd73\system\Boot.php(338): CodeIgniter\CLI\Console->run()
#11 C:\Users\cjkir\OneDrive\Desktop\Fan 2024\codeigniter4-framework-9b2cd73\system\Boot.php(104): CodeIgniter\Boot::runCommand(Object(CodeIgniter\CLI\Console))
#12 C:\Users\cjkir\OneDrive\Desktop\Fan 2024\codeigniter4-framework-9b2cd73\spark(84): CodeIgniter\Boot::bootSpark(Object(Config\Paths))
#13 {main}
ERROR - 2024-04-27 05:01:47 --> mysqli_sql_exception: You have an error in your SQL syntax; check the manual that corresponds to your MariaDB server version for the right syntax to use near '2) NOT NULL,
	`item_price` DECIMAL(5,2)(20) NOT NULL,
	CONSTRAINT `pk_menu` P...' at line 4 in C:\Users\cjkir\OneDrive\Desktop\Fan 2024\codeigniter4-framework-9b2cd73\system\Database\MySQLi\Connection.php:308
Stack trace:
#0 C:\Users\cjkir\OneDrive\Desktop\Fan 2024\codeigniter4-framework-9b2cd73\system\Database\MySQLi\Connection.php(308): mysqli->query('CREATE TABLE `m...', 0)
#1 C:\Users\cjkir\OneDrive\Desktop\Fan 2024\codeigniter4-framework-9b2cd73\system\Database\BaseConnection.php(722): CodeIgniter\Database\MySQLi\Connection->execute('CREATE TABLE `m...')
#2 C:\Users\cjkir\OneDrive\Desktop\Fan 2024\codeigniter4-framework-9b2cd73\system\Database\BaseConnection.php(636): CodeIgniter\Database\BaseConnection->simpleQuery('CREATE TABLE `m...')
#3 C:\Users\cjkir\OneDrive\Desktop\Fan 2024\codeigniter4-framework-9b2cd73\system\Database\Forge.php(570): CodeIgniter\Database\BaseConnection->query('CREATE TABLE `m...')
#4 C:\Users\cjkir\OneDrive\Desktop\Fan 2024\codeigniter4-framework-9b2cd73\app\Database\Migrations\2024-04-27-033712_CreateMenuTable.php(45): CodeIgniter\Database\Forge->createTable('menu')
#5 C:\Users\cjkir\OneDrive\Desktop\Fan 2024\codeigniter4-framework-9b2cd73\system\Database\MigrationRunner.php(867): App\Database\Migrations\CreateMenuTable->up()
#6 C:\Users\cjkir\OneDrive\Desktop\Fan 2024\codeigniter4-framework-9b2cd73\system\Database\MigrationRunner.php(183): CodeIgniter\Database\MigrationRunner->migrate('up', Object(stdClass))
#7 C:\Users\cjkir\OneDrive\Desktop\Fan 2024\codeigniter4-framework-9b2cd73\system\Commands\Database\Migrate.php(85): CodeIgniter\Database\MigrationRunner->latest(NULL)
#8 C:\Users\cjkir\OneDrive\Desktop\Fan 2024\codeigniter4-framework-9b2cd73\system\CLI\Commands.php(70): CodeIgniter\Commands\Database\Migrate->run(Array)
#9 C:\Users\cjkir\OneDrive\Desktop\Fan 2024\codeigniter4-framework-9b2cd73\system\CLI\Console.php(48): CodeIgniter\CLI\Commands->run('migrate', Array)
#10 C:\Users\cjkir\OneDrive\Desktop\Fan 2024\codeigniter4-framework-9b2cd73\system\Boot.php(338): CodeIgniter\CLI\Console->run()
#11 C:\Users\cjkir\OneDrive\Desktop\Fan 2024\codeigniter4-framework-9b2cd73\system\Boot.php(104): CodeIgniter\Boot::runCommand(Object(CodeIgniter\CLI\Console))
#12 C:\Users\cjkir\OneDrive\Desktop\Fan 2024\codeigniter4-framework-9b2cd73\spark(84): CodeIgniter\Boot::bootSpark(Object(Config\Paths))
#13 {main}
ERROR - 2024-04-27 05:03:20 --> mysqli_sql_exception: You have an error in your SQL syntax; check the manual that corresponds to your MariaDB server version for the right syntax to use near '2) NOT NULL,
	`item_price` DECIMAL(precision:10,scale:2)(20) NOT NULL,
	CONST...' at line 4 in C:\Users\cjkir\OneDrive\Desktop\Fan 2024\codeigniter4-framework-9b2cd73\system\Database\MySQLi\Connection.php:308
Stack trace:
#0 C:\Users\cjkir\OneDrive\Desktop\Fan 2024\codeigniter4-framework-9b2cd73\system\Database\MySQLi\Connection.php(308): mysqli->query('CREATE TABLE `m...', 0)
#1 C:\Users\cjkir\OneDrive\Desktop\Fan 2024\codeigniter4-framework-9b2cd73\system\Database\BaseConnection.php(722): CodeIgniter\Database\MySQLi\Connection->execute('CREATE TABLE `m...')
#2 C:\Users\cjkir\OneDrive\Desktop\Fan 2024\codeigniter4-framework-9b2cd73\system\Database\BaseConnection.php(636): CodeIgniter\Database\BaseConnection->simpleQuery('CREATE TABLE `m...')
#3 C:\Users\cjkir\OneDrive\Desktop\Fan 2024\codeigniter4-framework-9b2cd73\system\Database\Forge.php(570): CodeIgniter\Database\BaseConnection->query('CREATE TABLE `m...')
#4 C:\Users\cjkir\OneDrive\Desktop\Fan 2024\codeigniter4-framework-9b2cd73\app\Database\Migrations\2024-04-27-033712_CreateMenuTable.php(45): CodeIgniter\Database\Forge->createTable('menu')
#5 C:\Users\cjkir\OneDrive\Desktop\Fan 2024\codeigniter4-framework-9b2cd73\system\Database\MigrationRunner.php(867): App\Database\Migrations\CreateMenuTable->up()
#6 C:\Users\cjkir\OneDrive\Desktop\Fan 2024\codeigniter4-framework-9b2cd73\system\Database\MigrationRunner.php(183): CodeIgniter\Database\MigrationRunner->migrate('up', Object(stdClass))
#7 C:\Users\cjkir\OneDrive\Desktop\Fan 2024\codeigniter4-framework-9b2cd73\system\Commands\Database\Migrate.php(85): CodeIgniter\Database\MigrationRunner->latest(NULL)
#8 C:\Users\cjkir\OneDrive\Desktop\Fan 2024\codeigniter4-framework-9b2cd73\system\CLI\Commands.php(70): CodeIgniter\Commands\Database\Migrate->run(Array)
#9 C:\Users\cjkir\OneDrive\Desktop\Fan 2024\codeigniter4-framework-9b2cd73\system\CLI\Console.php(48): CodeIgniter\CLI\Commands->run('migrate', Array)
#10 C:\Users\cjkir\OneDrive\Desktop\Fan 2024\codeigniter4-framework-9b2cd73\system\Boot.php(338): CodeIgniter\CLI\Console->run()
#11 C:\Users\cjkir\OneDrive\Desktop\Fan 2024\codeigniter4-framework-9b2cd73\system\Boot.php(104): CodeIgniter\Boot::runCommand(Object(CodeIgniter\CLI\Console))
#12 C:\Users\cjkir\OneDrive\Desktop\Fan 2024\codeigniter4-framework-9b2cd73\spark(84): CodeIgniter\Boot::bootSpark(Object(Config\Paths))
#13 {main}
ERROR - 2024-04-27 05:04:34 --> mysqli_sql_exception: You have an error in your SQL syntax; check the manual that corresponds to your MariaDB server version for the right syntax to use near '2) NOT NULL,
	`item_price` DECIMAL(10) NOT NULL,
	CONSTRAINT `pk_menu` PRIMAR...' at line 4 in C:\Users\cjkir\OneDrive\Desktop\Fan 2024\codeigniter4-framework-9b2cd73\system\Database\MySQLi\Connection.php:308
Stack trace:
#0 C:\Users\cjkir\OneDrive\Desktop\Fan 2024\codeigniter4-framework-9b2cd73\system\Database\MySQLi\Connection.php(308): mysqli->query('CREATE TABLE `m...', 0)
#1 C:\Users\cjkir\OneDrive\Desktop\Fan 2024\codeigniter4-framework-9b2cd73\system\Database\BaseConnection.php(722): CodeIgniter\Database\MySQLi\Connection->execute('CREATE TABLE `m...')
#2 C:\Users\cjkir\OneDrive\Desktop\Fan 2024\codeigniter4-framework-9b2cd73\system\Database\BaseConnection.php(636): CodeIgniter\Database\BaseConnection->simpleQuery('CREATE TABLE `m...')
#3 C:\Users\cjkir\OneDrive\Desktop\Fan 2024\codeigniter4-framework-9b2cd73\system\Database\Forge.php(570): CodeIgniter\Database\BaseConnection->query('CREATE TABLE `m...')
#4 C:\Users\cjkir\OneDrive\Desktop\Fan 2024\codeigniter4-framework-9b2cd73\app\Database\Migrations\2024-04-27-033712_CreateMenuTable.php(45): CodeIgniter\Database\Forge->createTable('menu')
#5 C:\Users\cjkir\OneDrive\Desktop\Fan 2024\codeigniter4-framework-9b2cd73\system\Database\MigrationRunner.php(867): App\Database\Migrations\CreateMenuTable->up()
#6 C:\Users\cjkir\OneDrive\Desktop\Fan 2024\codeigniter4-framework-9b2cd73\system\Database\MigrationRunner.php(183): CodeIgniter\Database\MigrationRunner->migrate('up', Object(stdClass))
#7 C:\Users\cjkir\OneDrive\Desktop\Fan 2024\codeigniter4-framework-9b2cd73\system\Commands\Database\Migrate.php(85): CodeIgniter\Database\MigrationRunner->latest(NULL)
#8 C:\Users\cjkir\OneDrive\Desktop\Fan 2024\codeigniter4-framework-9b2cd73\system\CLI\Commands.php(70): CodeIgniter\Commands\Database\Migrate->run(Array)
#9 C:\Users\cjkir\OneDrive\Desktop\Fan 2024\codeigniter4-framework-9b2cd73\system\CLI\Console.php(48): CodeIgniter\CLI\Commands->run('migrate', Array)
#10 C:\Users\cjkir\OneDrive\Desktop\Fan 2024\codeigniter4-framework-9b2cd73\system\Boot.php(338): CodeIgniter\CLI\Console->run()
#11 C:\Users\cjkir\OneDrive\Desktop\Fan 2024\codeigniter4-framework-9b2cd73\system\Boot.php(104): CodeIgniter\Boot::runCommand(Object(CodeIgniter\CLI\Console))
#12 C:\Users\cjkir\OneDrive\Desktop\Fan 2024\codeigniter4-framework-9b2cd73\spark(84): CodeIgniter\Boot::bootSpark(Object(Config\Paths))
#13 {main}
ERROR - 2024-04-27 05:06:11 --> mysqli_sql_exception: You have an error in your SQL syntax; check the manual that corresponds to your MariaDB server version for the right syntax to use near '2) NOT NULL,
	`item_price` DECIMAL NOT NULL,
	CONSTRAINT `pk_menu` PRIMARY KE...' at line 4 in C:\Users\cjkir\OneDrive\Desktop\Fan 2024\codeigniter4-framework-9b2cd73\system\Database\MySQLi\Connection.php:308
Stack trace:
#0 C:\Users\cjkir\OneDrive\Desktop\Fan 2024\codeigniter4-framework-9b2cd73\system\Database\MySQLi\Connection.php(308): mysqli->query('CREATE TABLE `m...', 0)
#1 C:\Users\cjkir\OneDrive\Desktop\Fan 2024\codeigniter4-framework-9b2cd73\system\Database\BaseConnection.php(722): CodeIgniter\Database\MySQLi\Connection->execute('CREATE TABLE `m...')
#2 C:\Users\cjkir\OneDrive\Desktop\Fan 2024\codeigniter4-framework-9b2cd73\system\Database\BaseConnection.php(636): CodeIgniter\Database\BaseConnection->simpleQuery('CREATE TABLE `m...')
#3 C:\Users\cjkir\OneDrive\Desktop\Fan 2024\codeigniter4-framework-9b2cd73\system\Database\Forge.php(570): CodeIgniter\Database\BaseConnection->query('CREATE TABLE `m...')
#4 C:\Users\cjkir\OneDrive\Desktop\Fan 2024\codeigniter4-framework-9b2cd73\app\Database\Migrations\2024-04-27-033712_CreateMenuTable.php(46): CodeIgniter\Database\Forge->createTable('menu')
#5 C:\Users\cjkir\OneDrive\Desktop\Fan 2024\codeigniter4-framework-9b2cd73\system\Database\MigrationRunner.php(867): App\Database\Migrations\CreateMenuTable->up()
#6 C:\Users\cjkir\OneDrive\Desktop\Fan 2024\codeigniter4-framework-9b2cd73\system\Database\MigrationRunner.php(183): CodeIgniter\Database\MigrationRunner->migrate('up', Object(stdClass))
#7 C:\Users\cjkir\OneDrive\Desktop\Fan 2024\codeigniter4-framework-9b2cd73\system\Commands\Database\Migrate.php(85): CodeIgniter\Database\MigrationRunner->latest(NULL)
#8 C:\Users\cjkir\OneDrive\Desktop\Fan 2024\codeigniter4-framework-9b2cd73\system\CLI\Commands.php(70): CodeIgniter\Commands\Database\Migrate->run(Array)
#9 C:\Users\cjkir\OneDrive\Desktop\Fan 2024\codeigniter4-framework-9b2cd73\system\CLI\Console.php(48): CodeIgniter\CLI\Commands->run('migrate', Array)
#10 C:\Users\cjkir\OneDrive\Desktop\Fan 2024\codeigniter4-framework-9b2cd73\system\Boot.php(338): CodeIgniter\CLI\Console->run()
#11 C:\Users\cjkir\OneDrive\Desktop\Fan 2024\codeigniter4-framework-9b2cd73\system\Boot.php(104): CodeIgniter\Boot::runCommand(Object(CodeIgniter\CLI\Console))
#12 C:\Users\cjkir\OneDrive\Desktop\Fan 2024\codeigniter4-framework-9b2cd73\spark(84): CodeIgniter\Boot::bootSpark(Object(Config\Paths))
#13 {main}
ERROR - 2024-04-27 05:08:24 --> mysqli_sql_exception: You have an error in your SQL syntax; check the manual that corresponds to your MariaDB server version for the right syntax to use near '2) NOT NULL,
	`item_price` DECIMAL(10,2) NOT NULL,
	CONSTRAINT `pk_menu` PRIM...' at line 4 in C:\Users\cjkir\OneDrive\Desktop\Fan 2024\codeigniter4-framework-9b2cd73\system\Database\MySQLi\Connection.php:308
Stack trace:
#0 C:\Users\cjkir\OneDrive\Desktop\Fan 2024\codeigniter4-framework-9b2cd73\system\Database\MySQLi\Connection.php(308): mysqli->query('CREATE TABLE `m...', 0)
#1 C:\Users\cjkir\OneDrive\Desktop\Fan 2024\codeigniter4-framework-9b2cd73\system\Database\BaseConnection.php(722): CodeIgniter\Database\MySQLi\Connection->execute('CREATE TABLE `m...')
#2 C:\Users\cjkir\OneDrive\Desktop\Fan 2024\codeigniter4-framework-9b2cd73\system\Database\BaseConnection.php(636): CodeIgniter\Database\BaseConnection->simpleQuery('CREATE TABLE `m...')
#3 C:\Users\cjkir\OneDrive\Desktop\Fan 2024\codeigniter4-framework-9b2cd73\system\Database\Forge.php(570): CodeIgniter\Database\BaseConnection->query('CREATE TABLE `m...')
#4 C:\Users\cjkir\OneDrive\Desktop\Fan 2024\codeigniter4-framework-9b2cd73\app\Database\Migrations\2024-04-27-033712_CreateMenuTable.php(47): CodeIgniter\Database\Forge->createTable('menu')
#5 C:\Users\cjkir\OneDrive\Desktop\Fan 2024\codeigniter4-framework-9b2cd73\system\Database\MigrationRunner.php(867): App\Database\Migrations\CreateMenuTable->up()
#6 C:\Users\cjkir\OneDrive\Desktop\Fan 2024\codeigniter4-framework-9b2cd73\system\Database\MigrationRunner.php(183): CodeIgniter\Database\MigrationRunner->migrate('up', Object(stdClass))
#7 C:\Users\cjkir\OneDrive\Desktop\Fan 2024\codeigniter4-framework-9b2cd73\system\Commands\Database\Migrate.php(85): CodeIgniter\Database\MigrationRunner->latest(NULL)
#8 C:\Users\cjkir\OneDrive\Desktop\Fan 2024\codeigniter4-framework-9b2cd73\system\CLI\Commands.php(70): CodeIgniter\Commands\Database\Migrate->run(Array)
#9 C:\Users\cjkir\OneDrive\Desktop\Fan 2024\codeigniter4-framework-9b2cd73\system\CLI\Console.php(48): CodeIgniter\CLI\Commands->run('migrate', Array)
#10 C:\Users\cjkir\OneDrive\Desktop\Fan 2024\codeigniter4-framework-9b2cd73\system\Boot.php(338): CodeIgniter\CLI\Console->run()
#11 C:\Users\cjkir\OneDrive\Desktop\Fan 2024\codeigniter4-framework-9b2cd73\system\Boot.php(104): CodeIgniter\Boot::runCommand(Object(CodeIgniter\CLI\Console))
#12 C:\Users\cjkir\OneDrive\Desktop\Fan 2024\codeigniter4-framework-9b2cd73\spark(84): CodeIgniter\Boot::bootSpark(Object(Config\Paths))
#13 {main}
ERROR - 2024-04-27 05:09:49 --> mysqli_sql_exception: You have an error in your SQL syntax; check the manual that corresponds to your MariaDB server version for the right syntax to use near '2) NOT NULL,
	`item_price` DECIMAL(10:2) NOT NULL,
	CONSTRAINT `pk_menu` PRIM...' at line 4 in C:\Users\cjkir\OneDrive\Desktop\Fan 2024\codeigniter4-framework-9b2cd73\system\Database\MySQLi\Connection.php:308
Stack trace:
#0 C:\Users\cjkir\OneDrive\Desktop\Fan 2024\codeigniter4-framework-9b2cd73\system\Database\MySQLi\Connection.php(308): mysqli->query('CREATE TABLE `m...', 0)
#1 C:\Users\cjkir\OneDrive\Desktop\Fan 2024\codeigniter4-framework-9b2cd73\system\Database\BaseConnection.php(722): CodeIgniter\Database\MySQLi\Connection->execute('CREATE TABLE `m...')
#2 C:\Users\cjkir\OneDrive\Desktop\Fan 2024\codeigniter4-framework-9b2cd73\system\Database\BaseConnection.php(636): CodeIgniter\Database\BaseConnection->simpleQuery('CREATE TABLE `m...')
#3 C:\Users\cjkir\OneDrive\Desktop\Fan 2024\codeigniter4-framework-9b2cd73\system\Database\Forge.php(570): CodeIgniter\Database\BaseConnection->query('CREATE TABLE `m...')
#4 C:\Users\cjkir\OneDrive\Desktop\Fan 2024\codeigniter4-framework-9b2cd73\app\Database\Migrations\2024-04-27-033712_CreateMenuTable.php(47): CodeIgniter\Database\Forge->createTable('menu')
#5 C:\Users\cjkir\OneDrive\Desktop\Fan 2024\codeigniter4-framework-9b2cd73\system\Database\MigrationRunner.php(867): App\Database\Migrations\CreateMenuTable->up()
#6 C:\Users\cjkir\OneDrive\Desktop\Fan 2024\codeigniter4-framework-9b2cd73\system\Database\MigrationRunner.php(183): CodeIgniter\Database\MigrationRunner->migrate('up', Object(stdClass))
#7 C:\Users\cjkir\OneDrive\Desktop\Fan 2024\codeigniter4-framework-9b2cd73\system\Commands\Database\Migrate.php(85): CodeIgniter\Database\MigrationRunner->latest(NULL)
#8 C:\Users\cjkir\OneDrive\Desktop\Fan 2024\codeigniter4-framework-9b2cd73\system\CLI\Commands.php(70): CodeIgniter\Commands\Database\Migrate->run(Array)
#9 C:\Users\cjkir\OneDrive\Desktop\Fan 2024\codeigniter4-framework-9b2cd73\system\CLI\Console.php(48): CodeIgniter\CLI\Commands->run('migrate', Array)
#10 C:\Users\cjkir\OneDrive\Desktop\Fan 2024\codeigniter4-framework-9b2cd73\system\Boot.php(338): CodeIgniter\CLI\Console->run()
#11 C:\Users\cjkir\OneDrive\Desktop\Fan 2024\codeigniter4-framework-9b2cd73\system\Boot.php(104): CodeIgniter\Boot::runCommand(Object(CodeIgniter\CLI\Console))
#12 C:\Users\cjkir\OneDrive\Desktop\Fan 2024\codeigniter4-framework-9b2cd73\spark(84): CodeIgniter\Boot::bootSpark(Object(Config\Paths))
#13 {main}
ERROR - 2024-04-27 05:12:29 --> mysqli_sql_exception: You have an error in your SQL syntax; check the manual that corresponds to your MariaDB server version for the right syntax to use near '2) NOT NULL,
	CONSTRAINT `pk_menu` PRIMARY KEY(`item_id`)
) DEFAULT CHARACTER...' at line 4 in C:\Users\cjkir\OneDrive\Desktop\Fan 2024\codeigniter4-framework-9b2cd73\system\Database\MySQLi\Connection.php:308
Stack trace:
#0 C:\Users\cjkir\OneDrive\Desktop\Fan 2024\codeigniter4-framework-9b2cd73\system\Database\MySQLi\Connection.php(308): mysqli->query('CREATE TABLE `m...', 0)
#1 C:\Users\cjkir\OneDrive\Desktop\Fan 2024\codeigniter4-framework-9b2cd73\system\Database\BaseConnection.php(722): CodeIgniter\Database\MySQLi\Connection->execute('CREATE TABLE `m...')
#2 C:\Users\cjkir\OneDrive\Desktop\Fan 2024\codeigniter4-framework-9b2cd73\system\Database\BaseConnection.php(636): CodeIgniter\Database\BaseConnection->simpleQuery('CREATE TABLE `m...')
#3 C:\Users\cjkir\OneDrive\Desktop\Fan 2024\codeigniter4-framework-9b2cd73\system\Database\Forge.php(570): CodeIgniter\Database\BaseConnection->query('CREATE TABLE `m...')
#4 C:\Users\cjkir\OneDrive\Desktop\Fan 2024\codeigniter4-framework-9b2cd73\app\Database\Migrations\2024-04-27-033712_CreateMenuTable.php(47): CodeIgniter\Database\Forge->createTable('menu')
#5 C:\Users\cjkir\OneDrive\Desktop\Fan 2024\codeigniter4-framework-9b2cd73\system\Database\MigrationRunner.php(867): App\Database\Migrations\CreateMenuTable->up()
#6 C:\Users\cjkir\OneDrive\Desktop\Fan 2024\codeigniter4-framework-9b2cd73\system\Database\MigrationRunner.php(183): CodeIgniter\Database\MigrationRunner->migrate('up', Object(stdClass))
#7 C:\Users\cjkir\OneDrive\Desktop\Fan 2024\codeigniter4-framework-9b2cd73\system\Commands\Database\Migrate.php(85): CodeIgniter\Database\MigrationRunner->latest(NULL)
#8 C:\Users\cjkir\OneDrive\Desktop\Fan 2024\codeigniter4-framework-9b2cd73\system\CLI\Commands.php(70): CodeIgniter\Commands\Database\Migrate->run(Array)
#9 C:\Users\cjkir\OneDrive\Desktop\Fan 2024\codeigniter4-framework-9b2cd73\system\CLI\Console.php(48): CodeIgniter\CLI\Commands->run('migrate', Array)
#10 C:\Users\cjkir\OneDrive\Desktop\Fan 2024\codeigniter4-framework-9b2cd73\system\Boot.php(338): CodeIgniter\CLI\Console->run()
#11 C:\Users\cjkir\OneDrive\Desktop\Fan 2024\codeigniter4-framework-9b2cd73\system\Boot.php(104): CodeIgniter\Boot::runCommand(Object(CodeIgniter\CLI\Console))
#12 C:\Users\cjkir\OneDrive\Desktop\Fan 2024\codeigniter4-framework-9b2cd73\spark(84): CodeIgniter\Boot::bootSpark(Object(Config\Paths))
#13 {main}
ERROR - 2024-04-27 05:13:20 --> mysqli_sql_exception: You have an error in your SQL syntax; check the manual that corresponds to your MariaDB server version for the right syntax to use near '2) NOT NULL,
	`item_price` DECIMAL(10,2)(10) NOT NULL,
	CONSTRAINT `pk_menu` ...' at line 4 in C:\Users\cjkir\OneDrive\Desktop\Fan 2024\codeigniter4-framework-9b2cd73\system\Database\MySQLi\Connection.php:308
Stack trace:
#0 C:\Users\cjkir\OneDrive\Desktop\Fan 2024\codeigniter4-framework-9b2cd73\system\Database\MySQLi\Connection.php(308): mysqli->query('CREATE TABLE `m...', 0)
#1 C:\Users\cjkir\OneDrive\Desktop\Fan 2024\codeigniter4-framework-9b2cd73\system\Database\BaseConnection.php(722): CodeIgniter\Database\MySQLi\Connection->execute('CREATE TABLE `m...')
#2 C:\Users\cjkir\OneDrive\Desktop\Fan 2024\codeigniter4-framework-9b2cd73\system\Database\BaseConnection.php(636): CodeIgniter\Database\BaseConnection->simpleQuery('CREATE TABLE `m...')
#3 C:\Users\cjkir\OneDrive\Desktop\Fan 2024\codeigniter4-framework-9b2cd73\system\Database\Forge.php(570): CodeIgniter\Database\BaseConnection->query('CREATE TABLE `m...')
#4 C:\Users\cjkir\OneDrive\Desktop\Fan 2024\codeigniter4-framework-9b2cd73\app\Database\Migrations\2024-04-27-033712_CreateMenuTable.php(47): CodeIgniter\Database\Forge->createTable('menu')
#5 C:\Users\cjkir\OneDrive\Desktop\Fan 2024\codeigniter4-framework-9b2cd73\system\Database\MigrationRunner.php(867): App\Database\Migrations\CreateMenuTable->up()
#6 C:\Users\cjkir\OneDrive\Desktop\Fan 2024\codeigniter4-framework-9b2cd73\system\Database\MigrationRunner.php(183): CodeIgniter\Database\MigrationRunner->migrate('up', Object(stdClass))
#7 C:\Users\cjkir\OneDrive\Desktop\Fan 2024\codeigniter4-framework-9b2cd73\system\Commands\Database\Migrate.php(85): CodeIgniter\Database\MigrationRunner->latest(NULL)
#8 C:\Users\cjkir\OneDrive\Desktop\Fan 2024\codeigniter4-framework-9b2cd73\system\CLI\Commands.php(70): CodeIgniter\Commands\Database\Migrate->run(Array)
#9 C:\Users\cjkir\OneDrive\Desktop\Fan 2024\codeigniter4-framework-9b2cd73\system\CLI\Console.php(48): CodeIgniter\CLI\Commands->run('migrate', Array)
#10 C:\Users\cjkir\OneDrive\Desktop\Fan 2024\codeigniter4-framework-9b2cd73\system\Boot.php(338): CodeIgniter\CLI\Console->run()
#11 C:\Users\cjkir\OneDrive\Desktop\Fan 2024\codeigniter4-framework-9b2cd73\system\Boot.php(104): CodeIgniter\Boot::runCommand(Object(CodeIgniter\CLI\Console))
#12 C:\Users\cjkir\OneDrive\Desktop\Fan 2024\codeigniter4-framework-9b2cd73\spark(84): CodeIgniter\Boot::bootSpark(Object(Config\Paths))
#13 {main}
ERROR - 2024-04-27 05:16:49 --> mysqli_sql_exception: You have an error in your SQL syntax; check the manual that corresponds to your MariaDB server version for the right syntax to use near '2) NOT NULL,
	`item_price` NUMERIC NOT NULL,
	CONSTRAINT `pk_menu` PRIMARY KE...' at line 4 in C:\Users\cjkir\OneDrive\Desktop\Fan 2024\codeigniter4-framework-9b2cd73\system\Database\MySQLi\Connection.php:308
Stack trace:
#0 C:\Users\cjkir\OneDrive\Desktop\Fan 2024\codeigniter4-framework-9b2cd73\system\Database\MySQLi\Connection.php(308): mysqli->query('CREATE TABLE `m...', 0)
#1 C:\Users\cjkir\OneDrive\Desktop\Fan 2024\codeigniter4-framework-9b2cd73\system\Database\BaseConnection.php(722): CodeIgniter\Database\MySQLi\Connection->execute('CREATE TABLE `m...')
#2 C:\Users\cjkir\OneDrive\Desktop\Fan 2024\codeigniter4-framework-9b2cd73\system\Database\BaseConnection.php(636): CodeIgniter\Database\BaseConnection->simpleQuery('CREATE TABLE `m...')
#3 C:\Users\cjkir\OneDrive\Desktop\Fan 2024\codeigniter4-framework-9b2cd73\system\Database\Forge.php(570): CodeIgniter\Database\BaseConnection->query('CREATE TABLE `m...')
#4 C:\Users\cjkir\OneDrive\Desktop\Fan 2024\codeigniter4-framework-9b2cd73\app\Database\Migrations\2024-04-27-033712_CreateMenuTable.php(47): CodeIgniter\Database\Forge->createTable('menu')
#5 C:\Users\cjkir\OneDrive\Desktop\Fan 2024\codeigniter4-framework-9b2cd73\system\Database\MigrationRunner.php(867): App\Database\Migrations\CreateMenuTable->up()
#6 C:\Users\cjkir\OneDrive\Desktop\Fan 2024\codeigniter4-framework-9b2cd73\system\Database\MigrationRunner.php(183): CodeIgniter\Database\MigrationRunner->migrate('up', Object(stdClass))
#7 C:\Users\cjkir\OneDrive\Desktop\Fan 2024\codeigniter4-framework-9b2cd73\system\Commands\Database\Migrate.php(85): CodeIgniter\Database\MigrationRunner->latest(NULL)
#8 C:\Users\cjkir\OneDrive\Desktop\Fan 2024\codeigniter4-framework-9b2cd73\system\CLI\Commands.php(70): CodeIgniter\Commands\Database\Migrate->run(Array)
#9 C:\Users\cjkir\OneDrive\Desktop\Fan 2024\codeigniter4-framework-9b2cd73\system\CLI\Console.php(48): CodeIgniter\CLI\Commands->run('migrate', Array)
#10 C:\Users\cjkir\OneDrive\Desktop\Fan 2024\codeigniter4-framework-9b2cd73\system\Boot.php(338): CodeIgniter\CLI\Console->run()
#11 C:\Users\cjkir\OneDrive\Desktop\Fan 2024\codeigniter4-framework-9b2cd73\system\Boot.php(104): CodeIgniter\Boot::runCommand(Object(CodeIgniter\CLI\Console))
#12 C:\Users\cjkir\OneDrive\Desktop\Fan 2024\codeigniter4-framework-9b2cd73\spark(84): CodeIgniter\Boot::bootSpark(Object(Config\Paths))
#13 {main}
ERROR - 2024-04-27 05:17:10 --> mysqli_sql_exception: You have an error in your SQL syntax; check the manual that corresponds to your MariaDB server version for the right syntax to use near '2) NOT NULL,
	`item_price` NUMERIC(10) NOT NULL,
	CONSTRAINT `pk_menu` PRIMAR...' at line 4 in C:\Users\cjkir\OneDrive\Desktop\Fan 2024\codeigniter4-framework-9b2cd73\system\Database\MySQLi\Connection.php:308
Stack trace:
#0 C:\Users\cjkir\OneDrive\Desktop\Fan 2024\codeigniter4-framework-9b2cd73\system\Database\MySQLi\Connection.php(308): mysqli->query('CREATE TABLE `m...', 0)
#1 C:\Users\cjkir\OneDrive\Desktop\Fan 2024\codeigniter4-framework-9b2cd73\system\Database\BaseConnection.php(722): CodeIgniter\Database\MySQLi\Connection->execute('CREATE TABLE `m...')
#2 C:\Users\cjkir\OneDrive\Desktop\Fan 2024\codeigniter4-framework-9b2cd73\system\Database\BaseConnection.php(636): CodeIgniter\Database\BaseConnection->simpleQuery('CREATE TABLE `m...')
#3 C:\Users\cjkir\OneDrive\Desktop\Fan 2024\codeigniter4-framework-9b2cd73\system\Database\Forge.php(570): CodeIgniter\Database\BaseConnection->query('CREATE TABLE `m...')
#4 C:\Users\cjkir\OneDrive\Desktop\Fan 2024\codeigniter4-framework-9b2cd73\app\Database\Migrations\2024-04-27-033712_CreateMenuTable.php(47): CodeIgniter\Database\Forge->createTable('menu')
#5 C:\Users\cjkir\OneDrive\Desktop\Fan 2024\codeigniter4-framework-9b2cd73\system\Database\MigrationRunner.php(867): App\Database\Migrations\CreateMenuTable->up()
#6 C:\Users\cjkir\OneDrive\Desktop\Fan 2024\codeigniter4-framework-9b2cd73\system\Database\MigrationRunner.php(183): CodeIgniter\Database\MigrationRunner->migrate('up', Object(stdClass))
#7 C:\Users\cjkir\OneDrive\Desktop\Fan 2024\codeigniter4-framework-9b2cd73\system\Commands\Database\Migrate.php(85): CodeIgniter\Database\MigrationRunner->latest(NULL)
#8 C:\Users\cjkir\OneDrive\Desktop\Fan 2024\codeigniter4-framework-9b2cd73\system\CLI\Commands.php(70): CodeIgniter\Commands\Database\Migrate->run(Array)
#9 C:\Users\cjkir\OneDrive\Desktop\Fan 2024\codeigniter4-framework-9b2cd73\system\CLI\Console.php(48): CodeIgniter\CLI\Commands->run('migrate', Array)
#10 C:\Users\cjkir\OneDrive\Desktop\Fan 2024\codeigniter4-framework-9b2cd73\system\Boot.php(338): CodeIgniter\CLI\Console->run()
#11 C:\Users\cjkir\OneDrive\Desktop\Fan 2024\codeigniter4-framework-9b2cd73\system\Boot.php(104): CodeIgniter\Boot::runCommand(Object(CodeIgniter\CLI\Console))
#12 C:\Users\cjkir\OneDrive\Desktop\Fan 2024\codeigniter4-framework-9b2cd73\spark(84): CodeIgniter\Boot::bootSpark(Object(Config\Paths))
#13 {main}
INFO - 2024-04-27 05:18:10 --> Session: Class initialized using 'CodeIgniter\Session\Handlers\FileHandler' driver.
INFO - 2024-04-27 05:18:13 --> Session: Class initialized using 'CodeIgniter\Session\Handlers\FileHandler' driver.
INFO - 2024-04-27 05:18:24 --> Session: Class initialized using 'CodeIgniter\Session\Handlers\FileHandler' driver.
CRITICAL - 2024-04-27 05:26:46 --> ErrorException: Undefined variable $menu
[Method: GET, Route: make_item]
in APPPATH\Views\make_item.php on line 19.
 1 APPPATH\Views\make_item.php(19): CodeIgniter\Debug\Exceptions->errorHandler(2, 'Undefined variable $menu', 'C:\\Users\\cjkir\\OneDrive\\Desktop\\Fan 2024\\codeigniter4-framework-9b2cd73\\app\\Views\\make_item.php', 19)
 2 SYSTEMPATH\View\View.php(234): include('C:\\Users\\cjkir\\OneDrive\\Desktop\\Fan 2024\\codeigniter4-framework-9b2cd73\\app\\Views\\make_item.php')
 3 SYSTEMPATH\View\View.php(237): CodeIgniter\View\View->CodeIgniter\View\{closure}()
 4 SYSTEMPATH\Common.php(1171): CodeIgniter\View\View->render('make_item', [], true)
 5 APPPATH\Controllers\MenuController.php(86): view('make_item', [...])
 6 SYSTEMPATH\CodeIgniter.php(933): App\Controllers\MenuController->index_menu()
 7 SYSTEMPATH\CodeIgniter.php(509): CodeIgniter\CodeIgniter->runController(Object(App\Controllers\MenuController))
 8 SYSTEMPATH\CodeIgniter.php(355): CodeIgniter\CodeIgniter->handleRequest(null, Object(Config\Cache), false)
 9 SYSTEMPATH\Boot.php(312): CodeIgniter\CodeIgniter->run()
10 SYSTEMPATH\Boot.php(67): CodeIgniter\Boot::runCodeIgniter(Object(CodeIgniter\CodeIgniter))
11 FCPATH\index.php(56): CodeIgniter\Boot::bootWeb(Object(Config\Paths))
12 SYSTEMPATH\Commands\Server\rewrite.php(49): require_once('C:\\Users\\cjkir\\OneDrive\\Desktop\\Fan 2024\\codeigniter4-framework-9b2cd73\\public\\index.php')
INFO - 2024-04-27 05:28:49 --> Session: Class initialized using 'CodeIgniter\Session\Handlers\FileHandler' driver.
CRITICAL - 2024-04-27 05:29:02 --> ErrorException: Undefined variable $menu
[Method: GET, Route: make_item]
in APPPATH\Views\make_item.php on line 19.
 1 APPPATH\Views\make_item.php(19): CodeIgniter\Debug\Exceptions->errorHandler(2, 'Undefined variable $menu', 'C:\\Users\\cjkir\\OneDrive\\Desktop\\Fan 2024\\codeigniter4-framework-9b2cd73\\app\\Views\\make_item.php', 19)
 2 SYSTEMPATH\View\View.php(234): include('C:\\Users\\cjkir\\OneDrive\\Desktop\\Fan 2024\\codeigniter4-framework-9b2cd73\\app\\Views\\make_item.php')
 3 SYSTEMPATH\View\View.php(237): CodeIgniter\View\View->CodeIgniter\View\{closure}()
 4 SYSTEMPATH\Common.php(1171): CodeIgniter\View\View->render('make_item', [], true)
 5 APPPATH\Controllers\MenuController.php(86): view('make_item', [...])
 6 SYSTEMPATH\CodeIgniter.php(933): App\Controllers\MenuController->index_menu()
 7 SYSTEMPATH\CodeIgniter.php(509): CodeIgniter\CodeIgniter->runController(Object(App\Controllers\MenuController))
 8 SYSTEMPATH\CodeIgniter.php(355): CodeIgniter\CodeIgniter->handleRequest(null, Object(Config\Cache), false)
 9 SYSTEMPATH\Boot.php(312): CodeIgniter\CodeIgniter->run()
10 SYSTEMPATH\Boot.php(67): CodeIgniter\Boot::runCodeIgniter(Object(CodeIgniter\CodeIgniter))
11 FCPATH\index.php(56): CodeIgniter\Boot::bootWeb(Object(Config\Paths))
12 SYSTEMPATH\Commands\Server\rewrite.php(49): require_once('C:\\Users\\cjkir\\OneDrive\\Desktop\\Fan 2024\\codeigniter4-framework-9b2cd73\\public\\index.php')
INFO - 2024-04-27 05:29:24 --> Session: Class initialized using 'CodeIgniter\Session\Handlers\FileHandler' driver.
CRITICAL - 2024-04-27 05:29:27 --> ErrorException: Undefined variable $menu
[Method: POST, Route: make_item]
in APPPATH\Views\make_item.php on line 19.
 1 APPPATH\Views\make_item.php(19): CodeIgniter\Debug\Exceptions->errorHandler(2, 'Undefined variable $menu', 'C:\\Users\\cjkir\\OneDrive\\Desktop\\Fan 2024\\codeigniter4-framework-9b2cd73\\app\\Views\\make_item.php', 19)
 2 SYSTEMPATH\View\View.php(234): include('C:\\Users\\cjkir\\OneDrive\\Desktop\\Fan 2024\\codeigniter4-framework-9b2cd73\\app\\Views\\make_item.php')
 3 SYSTEMPATH\View\View.php(237): CodeIgniter\View\View->CodeIgniter\View\{closure}()
 4 SYSTEMPATH\Common.php(1171): CodeIgniter\View\View->render('make_item', [], true)
 5 APPPATH\Controllers\MenuController.php(64): view('make_item')
 6 SYSTEMPATH\CodeIgniter.php(933): App\Controllers\MenuController->make_item()
 7 SYSTEMPATH\CodeIgniter.php(509): CodeIgniter\CodeIgniter->runController(Object(App\Controllers\MenuController))
 8 SYSTEMPATH\CodeIgniter.php(355): CodeIgniter\CodeIgniter->handleRequest(null, Object(Config\Cache), false)
 9 SYSTEMPATH\Boot.php(312): CodeIgniter\CodeIgniter->run()
10 SYSTEMPATH\Boot.php(67): CodeIgniter\Boot::runCodeIgniter(Object(CodeIgniter\CodeIgniter))
11 FCPATH\index.php(56): CodeIgniter\Boot::bootWeb(Object(Config\Paths))
12 SYSTEMPATH\Commands\Server\rewrite.php(49): require_once('C:\\Users\\cjkir\\OneDrive\\Desktop\\Fan 2024\\codeigniter4-framework-9b2cd73\\public\\index.php')
INFO - 2024-04-27 05:33:14 --> Session: Class initialized using 'CodeIgniter\Session\Handlers\FileHandler' driver.
CRITICAL - 2024-04-27 05:33:17 --> ErrorException: Undefined variable $menu
[Method: POST, Route: make_item]
in APPPATH\Views\make_item.php on line 19.
 1 APPPATH\Views\make_item.php(19): CodeIgniter\Debug\Exceptions->errorHandler(2, 'Undefined variable $menu', 'C:\\Users\\cjkir\\OneDrive\\Desktop\\Fan 2024\\codeigniter4-framework-9b2cd73\\app\\Views\\make_item.php', 19)
 2 SYSTEMPATH\View\View.php(234): include('C:\\Users\\cjkir\\OneDrive\\Desktop\\Fan 2024\\codeigniter4-framework-9b2cd73\\app\\Views\\make_item.php')
 3 SYSTEMPATH\View\View.php(237): CodeIgniter\View\View->CodeIgniter\View\{closure}()
 4 SYSTEMPATH\Common.php(1171): CodeIgniter\View\View->render('make_item', [], true)
 5 APPPATH\Controllers\MenuController.php(64): view('make_item')
 6 SYSTEMPATH\CodeIgniter.php(933): App\Controllers\MenuController->make_item()
 7 SYSTEMPATH\CodeIgniter.php(509): CodeIgniter\CodeIgniter->runController(Object(App\Controllers\MenuController))
 8 SYSTEMPATH\CodeIgniter.php(355): CodeIgniter\CodeIgniter->handleRequest(null, Object(Config\Cache), false)
 9 SYSTEMPATH\Boot.php(312): CodeIgniter\CodeIgniter->run()
10 SYSTEMPATH\Boot.php(67): CodeIgniter\Boot::runCodeIgniter(Object(CodeIgniter\CodeIgniter))
11 FCPATH\index.php(56): CodeIgniter\Boot::bootWeb(Object(Config\Paths))
12 SYSTEMPATH\Commands\Server\rewrite.php(49): require_once('C:\\Users\\cjkir\\OneDrive\\Desktop\\Fan 2024\\codeigniter4-framework-9b2cd73\\public\\index.php')
INFO - 2024-04-27 05:39:57 --> Session: Class initialized using 'CodeIgniter\Session\Handlers\FileHandler' driver.
CRITICAL - 2024-04-27 05:40:02 --> ErrorException: Undefined variable $menu
[Method: GET, Route: make_item]
in APPPATH\Views\make_item.php on line 19.
 1 APPPATH\Views\make_item.php(19): CodeIgniter\Debug\Exceptions->errorHandler(2, 'Undefined variable $menu', 'C:\\Users\\cjkir\\OneDrive\\Desktop\\Fan 2024\\codeigniter4-framework-9b2cd73\\app\\Views\\make_item.php', 19)
 2 SYSTEMPATH\View\View.php(234): include('C:\\Users\\cjkir\\OneDrive\\Desktop\\Fan 2024\\codeigniter4-framework-9b2cd73\\app\\Views\\make_item.php')
 3 SYSTEMPATH\View\View.php(237): CodeIgniter\View\View->CodeIgniter\View\{closure}()
 4 SYSTEMPATH\Common.php(1171): CodeIgniter\View\View->render('make_item', [], true)
 5 APPPATH\Controllers\MenuController.php(86): view('make_item', [...])
 6 SYSTEMPATH\CodeIgniter.php(933): App\Controllers\MenuController->index_menu()
 7 SYSTEMPATH\CodeIgniter.php(509): CodeIgniter\CodeIgniter->runController(Object(App\Controllers\MenuController))
 8 SYSTEMPATH\CodeIgniter.php(355): CodeIgniter\CodeIgniter->handleRequest(null, Object(Config\Cache), false)
 9 SYSTEMPATH\Boot.php(312): CodeIgniter\CodeIgniter->run()
10 SYSTEMPATH\Boot.php(67): CodeIgniter\Boot::runCodeIgniter(Object(CodeIgniter\CodeIgniter))
11 FCPATH\index.php(56): CodeIgniter\Boot::bootWeb(Object(Config\Paths))
12 SYSTEMPATH\Commands\Server\rewrite.php(49): require_once('C:\\Users\\cjkir\\OneDrive\\Desktop\\Fan 2024\\codeigniter4-framework-9b2cd73\\public\\index.php')
INFO - 2024-04-27 05:46:08 --> Session: Class initialized using 'CodeIgniter\Session\Handlers\FileHandler' driver.
CRITICAL - 2024-04-27 05:48:16 --> ErrorException: Undefined variable $menu
[Method: GET, Route: menu_list]
in APPPATH\Views\menu_list.php on line 16.
 1 APPPATH\Views\menu_list.php(16): CodeIgniter\Debug\Exceptions->errorHandler(2, 'Undefined variable $menu', 'C:\\Users\\cjkir\\OneDrive\\Desktop\\Fan 2024\\codeigniter4-framework-9b2cd73\\app\\Views\\menu_list.php', 16)
 2 SYSTEMPATH\View\View.php(234): include('C:\\Users\\cjkir\\OneDrive\\Desktop\\Fan 2024\\codeigniter4-framework-9b2cd73\\app\\Views\\menu_list.php')
 3 SYSTEMPATH\View\View.php(237): CodeIgniter\View\View->CodeIgniter\View\{closure}()
 4 SYSTEMPATH\Common.php(1171): CodeIgniter\View\View->render('menu_list', [], true)
 5 APPPATH\Controllers\MenuController.php(86): view('menu_list', [...])
 6 SYSTEMPATH\CodeIgniter.php(933): App\Controllers\MenuController->index_menu()
 7 SYSTEMPATH\CodeIgniter.php(509): CodeIgniter\CodeIgniter->runController(Object(App\Controllers\MenuController))
 8 SYSTEMPATH\CodeIgniter.php(355): CodeIgniter\CodeIgniter->handleRequest(null, Object(Config\Cache), false)
 9 SYSTEMPATH\Boot.php(312): CodeIgniter\CodeIgniter->run()
10 SYSTEMPATH\Boot.php(67): CodeIgniter\Boot::runCodeIgniter(Object(CodeIgniter\CodeIgniter))
11 FCPATH\index.php(56): CodeIgniter\Boot::bootWeb(Object(Config\Paths))
12 SYSTEMPATH\Commands\Server\rewrite.php(49): require_once('C:\\Users\\cjkir\\OneDrive\\Desktop\\Fan 2024\\codeigniter4-framework-9b2cd73\\public\\index.php')
CRITICAL - 2024-04-27 05:50:32 --> ErrorException: Undefined variable $menu
[Method: GET, Route: menu_list]
in APPPATH\Views\menu_list.php on line 16.
 1 APPPATH\Views\menu_list.php(16): CodeIgniter\Debug\Exceptions->errorHandler(2, 'Undefined variable $menu', 'C:\\Users\\cjkir\\OneDrive\\Desktop\\Fan 2024\\codeigniter4-framework-9b2cd73\\app\\Views\\menu_list.php', 16)
 2 SYSTEMPATH\View\View.php(234): include('C:\\Users\\cjkir\\OneDrive\\Desktop\\Fan 2024\\codeigniter4-framework-9b2cd73\\app\\Views\\menu_list.php')
 3 SYSTEMPATH\View\View.php(237): CodeIgniter\View\View->CodeIgniter\View\{closure}()
 4 SYSTEMPATH\Common.php(1171): CodeIgniter\View\View->render('menu_list', [], true)
 5 APPPATH\Controllers\MenuController.php(87): view('menu_list', [...])
 6 SYSTEMPATH\CodeIgniter.php(933): App\Controllers\MenuController->index_menu()
 7 SYSTEMPATH\CodeIgniter.php(509): CodeIgniter\CodeIgniter->runController(Object(App\Controllers\MenuController))
 8 SYSTEMPATH\CodeIgniter.php(355): CodeIgniter\CodeIgniter->handleRequest(null, Object(Config\Cache), false)
 9 SYSTEMPATH\Boot.php(312): CodeIgniter\CodeIgniter->run()
10 SYSTEMPATH\Boot.php(67): CodeIgniter\Boot::runCodeIgniter(Object(CodeIgniter\CodeIgniter))
11 FCPATH\index.php(56): CodeIgniter\Boot::bootWeb(Object(Config\Paths))
12 SYSTEMPATH\Commands\Server\rewrite.php(49): require_once('C:\\Users\\cjkir\\OneDrive\\Desktop\\Fan 2024\\codeigniter4-framework-9b2cd73\\public\\index.php')
INFO - 2024-04-27 05:52:03 --> Session: Class initialized using 'CodeIgniter\Session\Handlers\FileHandler' driver.
CRITICAL - 2024-04-27 05:52:17 --> ErrorException: Undefined variable $menu
[Method: GET, Route: menu_list]
in APPPATH\Views\menu_list.php on line 16.
 1 APPPATH\Views\menu_list.php(16): CodeIgniter\Debug\Exceptions->errorHandler(2, 'Undefined variable $menu', 'C:\\Users\\cjkir\\OneDrive\\Desktop\\Fan 2024\\codeigniter4-framework-9b2cd73\\app\\Views\\menu_list.php', 16)
 2 SYSTEMPATH\View\View.php(234): include('C:\\Users\\cjkir\\OneDrive\\Desktop\\Fan 2024\\codeigniter4-framework-9b2cd73\\app\\Views\\menu_list.php')
 3 SYSTEMPATH\View\View.php(237): CodeIgniter\View\View->CodeIgniter\View\{closure}()
 4 SYSTEMPATH\Common.php(1171): CodeIgniter\View\View->render('menu_list', [], true)
 5 APPPATH\Controllers\MenuController.php(88): view('menu_list', [...])
 6 SYSTEMPATH\CodeIgniter.php(933): App\Controllers\MenuController->index_menu()
 7 SYSTEMPATH\CodeIgniter.php(509): CodeIgniter\CodeIgniter->runController(Object(App\Controllers\MenuController))
 8 SYSTEMPATH\CodeIgniter.php(355): CodeIgniter\CodeIgniter->handleRequest(null, Object(Config\Cache), false)
 9 SYSTEMPATH\Boot.php(312): CodeIgniter\CodeIgniter->run()
10 SYSTEMPATH\Boot.php(67): CodeIgniter\Boot::runCodeIgniter(Object(CodeIgniter\CodeIgniter))
11 FCPATH\index.php(56): CodeIgniter\Boot::bootWeb(Object(Config\Paths))
12 SYSTEMPATH\Commands\Server\rewrite.php(49): require_once('C:\\Users\\cjkir\\OneDrive\\Desktop\\Fan 2024\\codeigniter4-framework-9b2cd73\\public\\index.php')
CRITICAL - 2024-04-27 05:55:07 --> ErrorException: Undefined variable $menu
[Method: GET, Route: menu_list]
in APPPATH\Views\menu_list.php on line 16.
 1 APPPATH\Views\menu_list.php(16): CodeIgniter\Debug\Exceptions->errorHandler(2, 'Undefined variable $menu', 'C:\\Users\\cjkir\\OneDrive\\Desktop\\Fan 2024\\codeigniter4-framework-9b2cd73\\app\\Views\\menu_list.php', 16)
 2 SYSTEMPATH\View\View.php(234): include('C:\\Users\\cjkir\\OneDrive\\Desktop\\Fan 2024\\codeigniter4-framework-9b2cd73\\app\\Views\\menu_list.php')
 3 SYSTEMPATH\View\View.php(237): CodeIgniter\View\View->CodeIgniter\View\{closure}()
 4 SYSTEMPATH\Common.php(1171): CodeIgniter\View\View->render('menu_list', [], true)
 5 APPPATH\Controllers\MenuController.php(88): view('menu_list', [...])
 6 SYSTEMPATH\CodeIgniter.php(933): App\Controllers\MenuController->index_menu()
 7 SYSTEMPATH\CodeIgniter.php(509): CodeIgniter\CodeIgniter->runController(Object(App\Controllers\MenuController))
 8 SYSTEMPATH\CodeIgniter.php(355): CodeIgniter\CodeIgniter->handleRequest(null, Object(Config\Cache), false)
 9 SYSTEMPATH\Boot.php(312): CodeIgniter\CodeIgniter->run()
10 SYSTEMPATH\Boot.php(67): CodeIgniter\Boot::runCodeIgniter(Object(CodeIgniter\CodeIgniter))
11 FCPATH\index.php(56): CodeIgniter\Boot::bootWeb(Object(Config\Paths))
12 SYSTEMPATH\Commands\Server\rewrite.php(49): require_once('C:\\Users\\cjkir\\OneDrive\\Desktop\\Fan 2024\\codeigniter4-framework-9b2cd73\\public\\index.php')
CRITICAL - 2024-04-27 05:57:00 --> ErrorException: Undefined variable $menu
[Method: GET, Route: menu_list]
in APPPATH\Views\menu_list.php on line 16.
 1 APPPATH\Views\menu_list.php(16): CodeIgniter\Debug\Exceptions->errorHandler(2, 'Undefined variable $menu', 'C:\\Users\\cjkir\\OneDrive\\Desktop\\Fan 2024\\codeigniter4-framework-9b2cd73\\app\\Views\\menu_list.php', 16)
 2 SYSTEMPATH\View\View.php(234): include('C:\\Users\\cjkir\\OneDrive\\Desktop\\Fan 2024\\codeigniter4-framework-9b2cd73\\app\\Views\\menu_list.php')
 3 SYSTEMPATH\View\View.php(237): CodeIgniter\View\View->CodeIgniter\View\{closure}()
 4 SYSTEMPATH\Common.php(1171): CodeIgniter\View\View->render('menu_list', [], true)
 5 APPPATH\Controllers\MenuController.php(88): view('menu_list', [...])
 6 SYSTEMPATH\CodeIgniter.php(933): App\Controllers\MenuController->index_menu()
 7 SYSTEMPATH\CodeIgniter.php(509): CodeIgniter\CodeIgniter->runController(Object(App\Controllers\MenuController))
 8 SYSTEMPATH\CodeIgniter.php(355): CodeIgniter\CodeIgniter->handleRequest(null, Object(Config\Cache), false)
 9 SYSTEMPATH\Boot.php(312): CodeIgniter\CodeIgniter->run()
10 SYSTEMPATH\Boot.php(67): CodeIgniter\Boot::runCodeIgniter(Object(CodeIgniter\CodeIgniter))
11 FCPATH\index.php(56): CodeIgniter\Boot::bootWeb(Object(Config\Paths))
12 SYSTEMPATH\Commands\Server\rewrite.php(49): require_once('C:\\Users\\cjkir\\OneDrive\\Desktop\\Fan 2024\\codeigniter4-framework-9b2cd73\\public\\index.php')
CRITICAL - 2024-04-27 06:00:30 --> ErrorException: Undefined variable $menu
[Method: GET, Route: menu_list]
in APPPATH\Views\menu_list.php on line 16.
 1 APPPATH\Views\menu_list.php(16): CodeIgniter\Debug\Exceptions->errorHandler(2, 'Undefined variable $menu', 'C:\\Users\\cjkir\\OneDrive\\Desktop\\Fan 2024\\codeigniter4-framework-9b2cd73\\app\\Views\\menu_list.php', 16)
 2 SYSTEMPATH\View\View.php(234): include('C:\\Users\\cjkir\\OneDrive\\Desktop\\Fan 2024\\codeigniter4-framework-9b2cd73\\app\\Views\\menu_list.php')
 3 SYSTEMPATH\View\View.php(237): CodeIgniter\View\View->CodeIgniter\View\{closure}()
 4 SYSTEMPATH\Common.php(1171): CodeIgniter\View\View->render('menu_list', [], true)
 5 APPPATH\Controllers\MenuController.php(88): view('menu_list', [...])
 6 SYSTEMPATH\CodeIgniter.php(933): App\Controllers\MenuController->index_menu()
 7 SYSTEMPATH\CodeIgniter.php(509): CodeIgniter\CodeIgniter->runController(Object(App\Controllers\MenuController))
 8 SYSTEMPATH\CodeIgniter.php(355): CodeIgniter\CodeIgniter->handleRequest(null, Object(Config\Cache), false)
 9 SYSTEMPATH\Boot.php(312): CodeIgniter\CodeIgniter->run()
10 SYSTEMPATH\Boot.php(67): CodeIgniter\Boot::runCodeIgniter(Object(CodeIgniter\CodeIgniter))
11 FCPATH\index.php(56): CodeIgniter\Boot::bootWeb(Object(Config\Paths))
12 SYSTEMPATH\Commands\Server\rewrite.php(49): require_once('C:\\Users\\cjkir\\OneDrive\\Desktop\\Fan 2024\\codeigniter4-framework-9b2cd73\\public\\index.php')
CRITICAL - 2024-04-27 06:21:52 --> CodeIgniter\View\Exceptions\ViewException: Invalid file: "menu_list_test.php"
[Method: GET, Route: menu_list_test]
in SYSTEMPATH\Exceptions\FrameworkException.php on line 41.
 1 SYSTEMPATH\View\View.php(222): CodeIgniter\Exceptions\FrameworkException::forInvalidFile('menu_list_test.php')
 2 SYSTEMPATH\Common.php(1171): CodeIgniter\View\View->render('menu_list_test', [], true)
 3 APPPATH\Controllers\MenuController.php(88): view('menu_list_test', [...])
 4 SYSTEMPATH\CodeIgniter.php(933): App\Controllers\MenuController->index_menu()
 5 SYSTEMPATH\CodeIgniter.php(509): CodeIgniter\CodeIgniter->runController(Object(App\Controllers\MenuController))
 6 SYSTEMPATH\CodeIgniter.php(355): CodeIgniter\CodeIgniter->handleRequest(null, Object(Config\Cache), false)
 7 SYSTEMPATH\Boot.php(312): CodeIgniter\CodeIgniter->run()
 8 SYSTEMPATH\Boot.php(67): CodeIgniter\Boot::runCodeIgniter(Object(CodeIgniter\CodeIgniter))
 9 FCPATH\index.php(56): CodeIgniter\Boot::bootWeb(Object(Config\Paths))
10 SYSTEMPATH\Commands\Server\rewrite.php(49): require_once('C:\\Users\\cjkir\\OneDrive\\Desktop\\Fan 2024\\codeigniter4-framework-9b2cd73\\public\\index.php')
CRITICAL - 2024-04-27 06:21:59 --> CodeIgniter\View\Exceptions\ViewException: Invalid file: "menu_list_test.php"
[Method: GET, Route: menu_list]
in SYSTEMPATH\Exceptions\FrameworkException.php on line 41.
 1 SYSTEMPATH\View\View.php(222): CodeIgniter\Exceptions\FrameworkException::forInvalidFile('menu_list_test.php')
 2 SYSTEMPATH\Common.php(1171): CodeIgniter\View\View->render('menu_list_test', [], true)
 3 APPPATH\Controllers\MenuController.php(88): view('menu_list_test', [...])
 4 SYSTEMPATH\CodeIgniter.php(933): App\Controllers\MenuController->index_menu()
 5 SYSTEMPATH\CodeIgniter.php(509): CodeIgniter\CodeIgniter->runController(Object(App\Controllers\MenuController))
 6 SYSTEMPATH\CodeIgniter.php(355): CodeIgniter\CodeIgniter->handleRequest(null, Object(Config\Cache), false)
 7 SYSTEMPATH\Boot.php(312): CodeIgniter\CodeIgniter->run()
 8 SYSTEMPATH\Boot.php(67): CodeIgniter\Boot::runCodeIgniter(Object(CodeIgniter\CodeIgniter))
 9 FCPATH\index.php(56): CodeIgniter\Boot::bootWeb(Object(Config\Paths))
10 SYSTEMPATH\Commands\Server\rewrite.php(49): require_once('C:\\Users\\cjkir\\OneDrive\\Desktop\\Fan 2024\\codeigniter4-framework-9b2cd73\\public\\index.php')
CRITICAL - 2024-04-27 06:23:00 --> CodeIgniter\View\Exceptions\ViewException: Invalid file: "menu_list_test.php"
[Method: GET, Route: menu_list]
in SYSTEMPATH\Exceptions\FrameworkException.php on line 41.
 1 SYSTEMPATH\View\View.php(222): CodeIgniter\Exceptions\FrameworkException::forInvalidFile('menu_list_test.php')
 2 SYSTEMPATH\Common.php(1171): CodeIgniter\View\View->render('menu_list_test', [], true)
 3 APPPATH\Controllers\MenuController.php(88): view('menu_list_test', [...])
 4 SYSTEMPATH\CodeIgniter.php(933): App\Controllers\MenuController->index_menu()
 5 SYSTEMPATH\CodeIgniter.php(509): CodeIgniter\CodeIgniter->runController(Object(App\Controllers\MenuController))
 6 SYSTEMPATH\CodeIgniter.php(355): CodeIgniter\CodeIgniter->handleRequest(null, Object(Config\Cache), false)
 7 SYSTEMPATH\Boot.php(312): CodeIgniter\CodeIgniter->run()
 8 SYSTEMPATH\Boot.php(67): CodeIgniter\Boot::runCodeIgniter(Object(CodeIgniter\CodeIgniter))
 9 FCPATH\index.php(56): CodeIgniter\Boot::bootWeb(Object(Config\Paths))
10 SYSTEMPATH\Commands\Server\rewrite.php(49): require_once('C:\\Users\\cjkir\\OneDrive\\Desktop\\Fan 2024\\codeigniter4-framework-9b2cd73\\public\\index.php')
INFO - 2024-04-27 07:08:51 --> Session: Class initialized using 'CodeIgniter\Session\Handlers\FileHandler' driver.
INFO - 2024-04-27 07:09:06 --> Session: Class initialized using 'CodeIgniter\Session\Handlers\FileHandler' driver.
INFO - 2024-04-27 07:09:14 --> Session: Class initialized using 'CodeIgniter\Session\Handlers\FileHandler' driver.
INFO - 2024-04-27 07:11:06 --> Session: Class initialized using 'CodeIgniter\Session\Handlers\FileHandler' driver.
INFO - 2024-04-27 07:11:36 --> Session: Class initialized using 'CodeIgniter\Session\Handlers\FileHandler' driver.
INFO - 2024-04-27 07:11:48 --> Session: Class initialized using 'CodeIgniter\Session\Handlers\FileHandler' driver.
INFO - 2024-04-27 07:11:48 --> Session: Class initialized using 'CodeIgniter\Session\Handlers\FileHandler' driver.
INFO - 2024-04-27 07:27:07 --> Session: Class initialized using 'CodeIgniter\Session\Handlers\FileHandler' driver.
